{"D:\\la-u\\ciclo 2025-2\\Proyecrto software\\tindart-back\\src\\app.ts": {"path":"D:\\la-u\\ciclo 2025-2\\Proyecrto software\\tindart-back\\src\\app.ts","statementMap":{"0":{"start":{"line":1,"column":0},"end":{"line":1,"column":37}},"1":{"start":{"line":2,"column":0},"end":{"line":2,"column":59}},"2":{"start":{"line":3,"column":0},"end":{"line":3,"column":37}},"3":{"start":{"line":4,"column":0},"end":{"line":4,"column":34}},"4":{"start":{"line":6,"column":0},"end":{"line":8,"column":null}},"5":{"start":{"line":7,"column":4},"end":{"line":7,"column":11}},"6":{"start":{"line":12,"column":19},"end":{"line":15,"column":6}},"7":{"start":{"line":17,"column":4},"end":{"line":17,"column":null}},"8":{"start":{"line":18,"column":4},"end":{"line":20,"column":5}},"9":{"start":{"line":19,"column":8},"end":{"line":19,"column":55}},"10":{"start":{"line":21,"column":4},"end":{"line":21,"column":null}}},"fnMap":{"0":{"name":"(anonymous_0)","decl":{"start":{"line":6,"column":1},"end":{"line":6,"column":6}},"loc":{"start":{"line":6,"column":12},"end":{"line":8,"column":1}}},"1":{"name":"main","decl":{"start":{"line":11,"column":15},"end":{"line":11,"column":19}},"loc":{"start":{"line":11,"column":19},"end":{"line":22,"column":1}}}},"branchMap":{"0":{"loc":{"start":{"line":18,"column":4},"end":{"line":20,"column":5}},"type":"if","locations":[{"start":{"line":18,"column":4},"end":{"line":20,"column":5}},{"start":{},"end":{}}]}},"s":{"0":1,"1":1,"2":1,"3":1,"4":1,"5":1,"6":1,"7":1,"8":1,"9":0,"10":1},"f":{"0":1,"1":1},"b":{"0":[0,1]}}
,"D:\\la-u\\ciclo 2025-2\\Proyecrto software\\tindart-back\\src\\routes.ts": {"path":"D:\\la-u\\ciclo 2025-2\\Proyecrto software\\tindart-back\\src\\routes.ts","statementMap":{"0":{"start":{"line":1,"column":0},"end":{"line":1,"column":34}},"1":{"start":{"line":2,"column":0},"end":{"line":2,"column":56}},"2":{"start":{"line":3,"column":0},"end":{"line":3,"column":56}},"3":{"start":{"line":4,"column":0},"end":{"line":4,"column":70}},"4":{"start":{"line":5,"column":0},"end":{"line":5,"column":68}},"5":{"start":{"line":6,"column":0},"end":{"line":6,"column":62}},"6":{"start":{"line":7,"column":0},"end":{"line":7,"column":56}},"7":{"start":{"line":14,"column":26},"end":{"line":14,"column":35}},"8":{"start":{"line":15,"column":23},"end":{"line":15,"column":31}},"9":{"start":{"line":17,"column":8},"end":{"line":17,"column":null}},"10":{"start":{"line":18,"column":8},"end":{"line":18,"column":null}},"11":{"start":{"line":19,"column":8},"end":{"line":19,"column":null}},"12":{"start":{"line":20,"column":8},"end":{"line":20,"column":null}},"13":{"start":{"line":21,"column":8},"end":{"line":21,"column":null}},"14":{"start":{"line":22,"column":8},"end":{"line":22,"column":null}},"15":{"start":{"line":23,"column":8},"end":{"line":23,"column":22}},"16":{"start":{"line":10,"column":0},"end":{"line":10,"column":13}}},"fnMap":{"0":{"name":"(anonymous_0)","decl":{"start":{"line":13,"column":4},"end":{"line":13,"column":10}},"loc":{"start":{"line":13,"column":21},"end":{"line":24,"column":5}}}},"branchMap":{},"s":{"0":1,"1":1,"2":1,"3":1,"4":1,"5":1,"6":1,"7":1,"8":1,"9":1,"10":1,"11":1,"12":1,"13":1,"14":1,"15":1,"16":1},"f":{"0":1},"b":{}}
,"D:\\la-u\\ciclo 2025-2\\Proyecrto software\\tindart-back\\src\\config\\bcrypt.adapter.ts": {"path":"D:\\la-u\\ciclo 2025-2\\Proyecrto software\\tindart-back\\src\\config\\bcrypt.adapter.ts","statementMap":{"0":{"start":{"line":1,"column":0},"end":{"line":1,"column":61}},"1":{"start":{"line":3,"column":13},"end":{"line":12,"column":null}},"2":{"start":{"line":5,"column":21},"end":{"line":5,"column":34}},"3":{"start":{"line":6,"column":8},"end":{"line":6,"column":null}},"4":{"start":{"line":10,"column":8},"end":{"line":10,"column":null}}},"fnMap":{"0":{"name":"(anonymous_0)","decl":{"start":{"line":4,"column":10},"end":{"line":4,"column":11}},"loc":{"start":{"line":4,"column":31},"end":{"line":7,"column":5}}},"1":{"name":"(anonymous_1)","decl":{"start":{"line":9,"column":13},"end":{"line":9,"column":14}},"loc":{"start":{"line":9,"column":50},"end":{"line":11,"column":5}}}},"branchMap":{},"s":{"0":2,"1":2,"2":2,"3":2,"4":2},"f":{"0":2,"1":2},"b":{}}
,"D:\\la-u\\ciclo 2025-2\\Proyecrto software\\tindart-back\\src\\config\\cors.config.ts": {"path":"D:\\la-u\\ciclo 2025-2\\Proyecrto software\\tindart-back\\src\\config\\cors.config.ts","statementMap":{"0":{"start":{"line":1,"column":13},"end":{"line":1,"column":null}}},"fnMap":{},"branchMap":{},"s":{"0":2},"f":{},"b":{}}
,"D:\\la-u\\ciclo 2025-2\\Proyecrto software\\tindart-back\\src\\config\\envs.ts": {"path":"D:\\la-u\\ciclo 2025-2\\Proyecrto software\\tindart-back\\src\\config\\envs.ts","statementMap":{"0":{"start":{"line":2,"column":0},"end":{"line":2,"column":22}},"1":{"start":{"line":3,"column":0},"end":{"line":3,"column":27}},"2":{"start":{"line":5,"column":13},"end":{"line":16,"column":null}}},"fnMap":{},"branchMap":{},"s":{"0":19,"1":19,"2":19},"f":{},"b":{}}
,"D:\\la-u\\ciclo 2025-2\\Proyecrto software\\tindart-back\\src\\config\\jwt.adapter.ts": {"path":"D:\\la-u\\ciclo 2025-2\\Proyecrto software\\tindart-back\\src\\config\\jwt.adapter.ts","statementMap":{"0":{"start":{"line":1,"column":0},"end":{"line":1,"column":30}},"1":{"start":{"line":2,"column":0},"end":{"line":2,"column":29}},"2":{"start":{"line":5,"column":17},"end":{"line":5,"column":30}},"3":{"start":{"line":6,"column":21},"end":{"line":6,"column":38}},"4":{"start":{"line":10,"column":8},"end":{"line":15,"column":null}},"5":{"start":{"line":11,"column":12},"end":{"line":14,"column":null}},"6":{"start":{"line":12,"column":16},"end":{"line":12,"column":null}},"7":{"start":{"line":12,"column":25},"end":{"line":12,"column":null}},"8":{"start":{"line":13,"column":16},"end":{"line":13,"column":null}},"9":{"start":{"line":18,"column":8},"end":{"line":23,"column":null}},"10":{"start":{"line":19,"column":12},"end":{"line":22,"column":null}},"11":{"start":{"line":20,"column":16},"end":{"line":20,"column":null}},"12":{"start":{"line":20,"column":25},"end":{"line":20,"column":null}},"13":{"start":{"line":21,"column":16},"end":{"line":21,"column":null}},"14":{"start":{"line":27,"column":8},"end":{"line":32,"column":null}},"15":{"start":{"line":28,"column":12},"end":{"line":31,"column":null}},"16":{"start":{"line":29,"column":16},"end":{"line":29,"column":46}},"17":{"start":{"line":29,"column":25},"end":{"line":29,"column":46}},"18":{"start":{"line":30,"column":16},"end":{"line":30,"column":null}},"19":{"start":{"line":36,"column":8},"end":{"line":41,"column":null}},"20":{"start":{"line":37,"column":12},"end":{"line":40,"column":null}},"21":{"start":{"line":38,"column":16},"end":{"line":38,"column":46}},"22":{"start":{"line":38,"column":25},"end":{"line":38,"column":46}},"23":{"start":{"line":39,"column":16},"end":{"line":39,"column":null}},"24":{"start":{"line":8,"column":0},"end":{"line":8,"column":13}}},"fnMap":{"0":{"name":"(anonymous_1)","decl":{"start":{"line":9,"column":4},"end":{"line":9,"column":10}},"loc":{"start":{"line":9,"column":65},"end":{"line":16,"column":5}}},"1":{"name":"(anonymous_2)","decl":{"start":{"line":10,"column":27},"end":{"line":10,"column":28}},"loc":{"start":{"line":10,"column":39},"end":{"line":15,"column":9}}},"2":{"name":"(anonymous_3)","decl":{"start":{"line":11,"column":64},"end":{"line":11,"column":65}},"loc":{"start":{"line":11,"column":79},"end":{"line":14,"column":13}}},"3":{"name":"(anonymous_4)","decl":{"start":{"line":17,"column":4},"end":{"line":17,"column":10}},"loc":{"start":{"line":17,"column":72},"end":{"line":24,"column":5}}},"4":{"name":"(anonymous_5)","decl":{"start":{"line":18,"column":27},"end":{"line":18,"column":28}},"loc":{"start":{"line":18,"column":39},"end":{"line":23,"column":9}}},"5":{"name":"(anonymous_6)","decl":{"start":{"line":19,"column":68},"end":{"line":19,"column":69}},"loc":{"start":{"line":19,"column":83},"end":{"line":22,"column":13}}},"6":{"name":"(anonymous_7)","decl":{"start":{"line":26,"column":4},"end":{"line":26,"column":10}},"loc":{"start":{"line":26,"column":41},"end":{"line":34,"column":5}}},"7":{"name":"(anonymous_8)","decl":{"start":{"line":27,"column":27},"end":{"line":27,"column":28}},"loc":{"start":{"line":27,"column":39},"end":{"line":32,"column":9}}},"8":{"name":"(anonymous_9)","decl":{"start":{"line":28,"column":40},"end":{"line":28,"column":41}},"loc":{"start":{"line":28,"column":57},"end":{"line":31,"column":13}}},"9":{"name":"(anonymous_10)","decl":{"start":{"line":35,"column":4},"end":{"line":35,"column":10}},"loc":{"start":{"line":35,"column":48},"end":{"line":43,"column":5}}},"10":{"name":"(anonymous_11)","decl":{"start":{"line":36,"column":27},"end":{"line":36,"column":28}},"loc":{"start":{"line":36,"column":39},"end":{"line":41,"column":9}}},"11":{"name":"(anonymous_12)","decl":{"start":{"line":37,"column":44},"end":{"line":37,"column":45}},"loc":{"start":{"line":37,"column":61},"end":{"line":40,"column":13}}}},"branchMap":{"0":{"loc":{"start":{"line":9,"column":45},"end":{"line":9,"column":65}},"type":"default-arg","locations":[{"start":{"line":9,"column":61},"end":{"line":9,"column":65}}]},"1":{"loc":{"start":{"line":12,"column":16},"end":{"line":12,"column":null}},"type":"if","locations":[{"start":{"line":12,"column":16},"end":{"line":12,"column":null}},{"start":{},"end":{}}]},"2":{"loc":{"start":{"line":17,"column":52},"end":{"line":17,"column":72}},"type":"default-arg","locations":[{"start":{"line":17,"column":68},"end":{"line":17,"column":72}}]},"3":{"loc":{"start":{"line":20,"column":16},"end":{"line":20,"column":null}},"type":"if","locations":[{"start":{"line":20,"column":16},"end":{"line":20,"column":null}},{"start":{},"end":{}}]},"4":{"loc":{"start":{"line":29,"column":16},"end":{"line":29,"column":46}},"type":"if","locations":[{"start":{"line":29,"column":16},"end":{"line":29,"column":46}},{"start":{},"end":{}}]},"5":{"loc":{"start":{"line":38,"column":16},"end":{"line":38,"column":46}},"type":"if","locations":[{"start":{"line":38,"column":16},"end":{"line":38,"column":46}},{"start":{},"end":{}}]}},"s":{"0":5,"1":5,"2":5,"3":5,"4":1,"5":1,"6":1,"7":0,"8":1,"9":1,"10":1,"11":1,"12":0,"13":1,"14":2,"15":2,"16":2,"17":1,"18":1,"19":1,"20":1,"21":1,"22":0,"23":1,"24":5},"f":{"0":1,"1":1,"2":1,"3":1,"4":1,"5":1,"6":2,"7":2,"8":2,"9":1,"10":1,"11":1},"b":{"0":[0],"1":[0,1],"2":[0],"3":[0,1],"4":[1,1],"5":[0,1]}}
,"D:\\la-u\\ciclo 2025-2\\Proyecrto software\\tindart-back\\src\\config\\mimeTypes.ts": {"path":"D:\\la-u\\ciclo 2025-2\\Proyecrto software\\tindart-back\\src\\config\\mimeTypes.ts","statementMap":{"0":{"start":{"line":1,"column":13},"end":{"line":1,"column":87}}},"fnMap":{},"branchMap":{},"s":{"0":6},"f":{},"b":{}}
,"D:\\la-u\\ciclo 2025-2\\Proyecrto software\\tindart-back\\src\\config\\regular-exp.ts": {"path":"D:\\la-u\\ciclo 2025-2\\Proyecrto software\\tindart-back\\src\\config\\regular-exp.ts","statementMap":{"0":{"start":{"line":1,"column":13},"end":{"line":7,"column":null}}},"fnMap":{},"branchMap":{},"s":{"0":6},"f":{},"b":{}}
,"D:\\la-u\\ciclo 2025-2\\Proyecrto software\\tindart-back\\src\\data\\postgres\\index.ts": {"path":"D:\\la-u\\ciclo 2025-2\\Proyecrto software\\tindart-back\\src\\data\\postgres\\index.ts","statementMap":{"0":{"start":{"line":1,"column":0},"end":{"line":1,"column":46}},"1":{"start":{"line":3,"column":13},"end":{"line":3,"column":null}}},"fnMap":{},"branchMap":{},"s":{"0":2,"1":2},"f":{},"b":{}}
,"D:\\la-u\\ciclo 2025-2\\Proyecrto software\\tindart-back\\src\\domain\\dto\\auth\\login-user.dto.ts": {"path":"D:\\la-u\\ciclo 2025-2\\Proyecrto software\\tindart-back\\src\\domain\\dto\\auth\\login-user.dto.ts","statementMap":{"0":{"start":{"line":1,"column":0},"end":{"line":1,"column":57}},"1":{"start":{"line":5,"column":15},"end":{"line":5,"column":28}},"2":{"start":{"line":6,"column":15},"end":{"line":6,"column":31}},"3":{"start":{"line":10,"column":34},"end":{"line":10,"column":40}},"4":{"start":{"line":11,"column":8},"end":{"line":11,"column":null}},"5":{"start":{"line":11,"column":19},"end":{"line":11,"column":null}},"6":{"start":{"line":12,"column":8},"end":{"line":12,"column":null}},"7":{"start":{"line":12,"column":43},"end":{"line":12,"column":null}},"8":{"start":{"line":13,"column":8},"end":{"line":13,"column":null}},"9":{"start":{"line":13,"column":23},"end":{"line":13,"column":null}},"10":{"start":{"line":14,"column":8},"end":{"line":14,"column":null}},"11":{"start":{"line":14,"column":33},"end":{"line":14,"column":null}},"12":{"start":{"line":16,"column":8},"end":{"line":16,"column":null}},"13":{"start":{"line":3,"column":0},"end":{"line":3,"column":13}}},"fnMap":{"0":{"name":"(anonymous_0)","decl":{"start":{"line":4,"column":4},"end":{"line":4,"column":null}},"loc":{"start":{"line":6,"column":31},"end":{"line":7,"column":7}}},"1":{"name":"(anonymous_1)","decl":{"start":{"line":9,"column":4},"end":{"line":9,"column":10}},"loc":{"start":{"line":9,"column":45},"end":{"line":17,"column":5}}}},"branchMap":{"0":{"loc":{"start":{"line":11,"column":8},"end":{"line":11,"column":null}},"type":"if","locations":[{"start":{"line":11,"column":8},"end":{"line":11,"column":null}},{"start":{},"end":{}}]},"1":{"loc":{"start":{"line":12,"column":8},"end":{"line":12,"column":null}},"type":"if","locations":[{"start":{"line":12,"column":8},"end":{"line":12,"column":null}},{"start":{},"end":{}}]},"2":{"loc":{"start":{"line":13,"column":8},"end":{"line":13,"column":null}},"type":"if","locations":[{"start":{"line":13,"column":8},"end":{"line":13,"column":null}},{"start":{},"end":{}}]},"3":{"loc":{"start":{"line":14,"column":8},"end":{"line":14,"column":null}},"type":"if","locations":[{"start":{"line":14,"column":8},"end":{"line":14,"column":null}},{"start":{},"end":{}}]}},"s":{"0":4,"1":2,"2":2,"3":5,"4":5,"5":1,"6":4,"7":1,"8":3,"9":0,"10":3,"11":1,"12":2,"13":4},"f":{"0":2,"1":5},"b":{"0":[1,4],"1":[1,3],"2":[0,3],"3":[1,2]}}
,"D:\\la-u\\ciclo 2025-2\\Proyecrto software\\tindart-back\\src\\domain\\dto\\auth\\register-user.dto.ts": {"path":"D:\\la-u\\ciclo 2025-2\\Proyecrto software\\tindart-back\\src\\domain\\dto\\auth\\register-user.dto.ts","statementMap":{"0":{"start":{"line":1,"column":0},"end":{"line":1,"column":57}},"1":{"start":{"line":5,"column":15},"end":{"line":5,"column":27}},"2":{"start":{"line":6,"column":15},"end":{"line":6,"column":28}},"3":{"start":{"line":7,"column":15},"end":{"line":7,"column":31}},"4":{"start":{"line":10,"column":40},"end":{"line":10,"column":46}},"5":{"start":{"line":11,"column":8},"end":{"line":11,"column":null}},"6":{"start":{"line":11,"column":18},"end":{"line":11,"column":null}},"7":{"start":{"line":12,"column":8},"end":{"line":12,"column":null}},"8":{"start":{"line":12,"column":19},"end":{"line":12,"column":null}},"9":{"start":{"line":13,"column":8},"end":{"line":13,"column":null}},"10":{"start":{"line":13,"column":43},"end":{"line":13,"column":null}},"11":{"start":{"line":14,"column":8},"end":{"line":14,"column":null}},"12":{"start":{"line":14,"column":23},"end":{"line":14,"column":null}},"13":{"start":{"line":15,"column":8},"end":{"line":15,"column":null}},"14":{"start":{"line":15,"column":33},"end":{"line":15,"column":null}},"15":{"start":{"line":17,"column":8},"end":{"line":17,"column":null}},"16":{"start":{"line":3,"column":0},"end":{"line":3,"column":13}}},"fnMap":{"0":{"name":"(anonymous_0)","decl":{"start":{"line":4,"column":4},"end":{"line":4,"column":null}},"loc":{"start":{"line":7,"column":31},"end":{"line":8,"column":7}}},"1":{"name":"(anonymous_1)","decl":{"start":{"line":9,"column":4},"end":{"line":9,"column":10}},"loc":{"start":{"line":9,"column":45},"end":{"line":18,"column":5}}}},"branchMap":{"0":{"loc":{"start":{"line":11,"column":8},"end":{"line":11,"column":null}},"type":"if","locations":[{"start":{"line":11,"column":8},"end":{"line":11,"column":null}},{"start":{},"end":{}}]},"1":{"loc":{"start":{"line":12,"column":8},"end":{"line":12,"column":null}},"type":"if","locations":[{"start":{"line":12,"column":8},"end":{"line":12,"column":null}},{"start":{},"end":{}}]},"2":{"loc":{"start":{"line":13,"column":8},"end":{"line":13,"column":null}},"type":"if","locations":[{"start":{"line":13,"column":8},"end":{"line":13,"column":null}},{"start":{},"end":{}}]},"3":{"loc":{"start":{"line":14,"column":8},"end":{"line":14,"column":null}},"type":"if","locations":[{"start":{"line":14,"column":8},"end":{"line":14,"column":null}},{"start":{},"end":{}}]},"4":{"loc":{"start":{"line":15,"column":8},"end":{"line":15,"column":null}},"type":"if","locations":[{"start":{"line":15,"column":8},"end":{"line":15,"column":null}},{"start":{},"end":{}}]}},"s":{"0":4,"1":2,"2":2,"3":2,"4":5,"5":5,"6":1,"7":4,"8":1,"9":3,"10":1,"11":2,"12":0,"13":2,"14":0,"15":2,"16":4},"f":{"0":2,"1":5},"b":{"0":[1,4],"1":[1,3],"2":[1,2],"3":[0,2],"4":[0,2]}}
,"D:\\la-u\\ciclo 2025-2\\Proyecrto software\\tindart-back\\src\\domain\\dto\\chat\\MessageResponse.dto.ts": {"path":"D:\\la-u\\ciclo 2025-2\\Proyecrto software\\tindart-back\\src\\domain\\dto\\chat\\MessageResponse.dto.ts","statementMap":{"0":{"start":{"line":1,"column":0},"end":{"line":1,"column":44}},"1":{"start":{"line":6,"column":20},"end":{"line":6,"column":30}},"2":{"start":{"line":7,"column":20},"end":{"line":7,"column":39}},"3":{"start":{"line":8,"column":20},"end":{"line":8,"column":34}},"4":{"start":{"line":9,"column":20},"end":{"line":9,"column":35}},"5":{"start":{"line":10,"column":20},"end":{"line":10,"column":34}},"6":{"start":{"line":11,"column":20},"end":{"line":11,"column":42}},"7":{"start":{"line":12,"column":20},"end":{"line":12,"column":49}},"8":{"start":{"line":16,"column":4},"end":{"line":26,"column":6}},"9":{"start":{"line":4,"column":0},"end":{"line":4,"column":13}}},"fnMap":{"0":{"name":"(anonymous_0)","decl":{"start":{"line":5,"column":2},"end":{"line":5,"column":null}},"loc":{"start":{"line":12,"column":49},"end":{"line":13,"column":6}}},"1":{"name":"(anonymous_1)","decl":{"start":{"line":15,"column":2},"end":{"line":15,"column":8}},"loc":{"start":{"line":15,"column":41},"end":{"line":27,"column":3}}}},"branchMap":{"0":{"loc":{"start":{"line":23,"column":6},"end":{"line":25,"column":14}},"type":"cond-expr","locations":[{"start":{"line":24,"column":10},"end":{"line":24,"column":67}},{"start":{"line":25,"column":10},"end":{"line":25,"column":14}}]}},"s":{"0":2,"1":2,"2":2,"3":2,"4":2,"5":2,"6":2,"7":2,"8":2,"9":2},"f":{"0":2,"1":2},"b":{"0":[1,1]}}
,"D:\\la-u\\ciclo 2025-2\\Proyecrto software\\tindart-back\\src\\domain\\dto\\chat\\create-conversation.dto.ts": {"path":"D:\\la-u\\ciclo 2025-2\\Proyecrto software\\tindart-back\\src\\domain\\dto\\chat\\create-conversation.dto.ts","statementMap":{"0":{"start":{"line":3,"column":24},"end":{"line":3,"column":41}},"1":{"start":{"line":4,"column":24},"end":{"line":4,"column":41}},"2":{"start":{"line":8,"column":41},"end":{"line":8,"column":46}},"3":{"start":{"line":10,"column":8},"end":{"line":11,"column":64}},"4":{"start":{"line":11,"column":12},"end":{"line":11,"column":64}},"5":{"start":{"line":13,"column":8},"end":{"line":14,"column":64}},"6":{"start":{"line":14,"column":12},"end":{"line":14,"column":64}},"7":{"start":{"line":16,"column":8},"end":{"line":17,"column":78}},"8":{"start":{"line":17,"column":12},"end":{"line":17,"column":78}},"9":{"start":{"line":19,"column":8},"end":{"line":19,"column":76}},"10":{"start":{"line":1,"column":0},"end":{"line":1,"column":13}}},"fnMap":{"0":{"name":"(anonymous_0)","decl":{"start":{"line":2,"column":4},"end":{"line":2,"column":null}},"loc":{"start":{"line":4,"column":41},"end":{"line":5,"column":8}}},"1":{"name":"(anonymous_1)","decl":{"start":{"line":7,"column":4},"end":{"line":7,"column":10}},"loc":{"start":{"line":7,"column":47},"end":{"line":20,"column":5}}}},"branchMap":{"0":{"loc":{"start":{"line":10,"column":8},"end":{"line":11,"column":64}},"type":"if","locations":[{"start":{"line":10,"column":8},"end":{"line":11,"column":64}},{"start":{},"end":{}}]},"1":{"loc":{"start":{"line":10,"column":12},"end":{"line":10,"column":55}},"type":"binary-expr","locations":[{"start":{"line":10,"column":12},"end":{"line":10,"column":22}},{"start":{"line":10,"column":26},"end":{"line":10,"column":55}}]},"2":{"loc":{"start":{"line":13,"column":8},"end":{"line":14,"column":64}},"type":"if","locations":[{"start":{"line":13,"column":8},"end":{"line":14,"column":64}},{"start":{},"end":{}}]},"3":{"loc":{"start":{"line":13,"column":12},"end":{"line":13,"column":55}},"type":"binary-expr","locations":[{"start":{"line":13,"column":12},"end":{"line":13,"column":22}},{"start":{"line":13,"column":26},"end":{"line":13,"column":55}}]},"4":{"loc":{"start":{"line":16,"column":8},"end":{"line":17,"column":78}},"type":"if","locations":[{"start":{"line":16,"column":8},"end":{"line":17,"column":78}},{"start":{},"end":{}}]}},"s":{"0":1,"1":1,"2":3,"3":3,"4":1,"5":2,"6":0,"7":2,"8":1,"9":1,"10":4},"f":{"0":1,"1":3},"b":{"0":[1,2],"1":[3,3],"2":[0,2],"3":[2,2],"4":[1,1]}}
,"D:\\la-u\\ciclo 2025-2\\Proyecrto software\\tindart-back\\src\\domain\\dto\\chat\\create-message.dto.ts": {"path":"D:\\la-u\\ciclo 2025-2\\Proyecrto software\\tindart-back\\src\\domain\\dto\\chat\\create-message.dto.ts","statementMap":{"0":{"start":{"line":3,"column":24},"end":{"line":3,"column":38}},"1":{"start":{"line":4,"column":24},"end":{"line":4,"column":46}},"2":{"start":{"line":5,"column":24},"end":{"line":5,"column":43}},"3":{"start":{"line":6,"column":24},"end":{"line":6,"column":46}},"4":{"start":{"line":10,"column":57},"end":{"line":10,"column":62}},"5":{"start":{"line":12,"column":8},"end":{"line":13,"column":61}},"6":{"start":{"line":13,"column":12},"end":{"line":13,"column":61}},"7":{"start":{"line":15,"column":8},"end":{"line":16,"column":69}},"8":{"start":{"line":16,"column":12},"end":{"line":16,"column":69}},"9":{"start":{"line":18,"column":24},"end":{"line":18,"column":56}},"10":{"start":{"line":19,"column":24},"end":{"line":19,"column":60}},"11":{"start":{"line":21,"column":8},"end":{"line":22,"column":74}},"12":{"start":{"line":22,"column":12},"end":{"line":22,"column":74}},"13":{"start":{"line":24,"column":8},"end":{"line":32,"column":10}},"14":{"start":{"line":1,"column":0},"end":{"line":1,"column":13}}},"fnMap":{"0":{"name":"(anonymous_0)","decl":{"start":{"line":2,"column":4},"end":{"line":2,"column":null}},"loc":{"start":{"line":6,"column":46},"end":{"line":7,"column":8}}},"1":{"name":"(anonymous_1)","decl":{"start":{"line":9,"column":4},"end":{"line":9,"column":10}},"loc":{"start":{"line":9,"column":47},"end":{"line":33,"column":5}}}},"branchMap":{"0":{"loc":{"start":{"line":12,"column":8},"end":{"line":13,"column":61}},"type":"if","locations":[{"start":{"line":12,"column":8},"end":{"line":13,"column":61}},{"start":{},"end":{}}]},"1":{"loc":{"start":{"line":12,"column":12},"end":{"line":12,"column":49}},"type":"binary-expr","locations":[{"start":{"line":12,"column":12},"end":{"line":12,"column":19}},{"start":{"line":12,"column":23},"end":{"line":12,"column":49}}]},"2":{"loc":{"start":{"line":15,"column":8},"end":{"line":16,"column":69}},"type":"if","locations":[{"start":{"line":15,"column":8},"end":{"line":16,"column":69}},{"start":{},"end":{}}]},"3":{"loc":{"start":{"line":15,"column":12},"end":{"line":15,"column":65}},"type":"binary-expr","locations":[{"start":{"line":15,"column":12},"end":{"line":15,"column":27}},{"start":{"line":15,"column":31},"end":{"line":15,"column":65}}]},"4":{"loc":{"start":{"line":18,"column":24},"end":{"line":18,"column":56}},"type":"binary-expr","locations":[{"start":{"line":18,"column":24},"end":{"line":18,"column":28}},{"start":{"line":18,"column":32},"end":{"line":18,"column":56}}]},"5":{"loc":{"start":{"line":19,"column":24},"end":{"line":19,"column":60}},"type":"binary-expr","locations":[{"start":{"line":19,"column":24},"end":{"line":19,"column":30}},{"start":{"line":19,"column":34},"end":{"line":19,"column":60}}]},"6":{"loc":{"start":{"line":21,"column":8},"end":{"line":22,"column":74}},"type":"if","locations":[{"start":{"line":21,"column":8},"end":{"line":22,"column":74}},{"start":{},"end":{}}]},"7":{"loc":{"start":{"line":21,"column":12},"end":{"line":21,"column":32}},"type":"binary-expr","locations":[{"start":{"line":21,"column":12},"end":{"line":21,"column":20}},{"start":{"line":21,"column":24},"end":{"line":21,"column":32}}]},"8":{"loc":{"start":{"line":29,"column":16},"end":{"line":29,"column":37}},"type":"cond-expr","locations":[{"start":{"line":29,"column":26},"end":{"line":29,"column":30}},{"start":{"line":29,"column":33},"end":{"line":29,"column":37}}]},"9":{"loc":{"start":{"line":30,"column":16},"end":{"line":30,"column":39}},"type":"cond-expr","locations":[{"start":{"line":30,"column":26},"end":{"line":30,"column":32}},{"start":{"line":30,"column":35},"end":{"line":30,"column":39}}]}},"s":{"0":2,"1":2,"2":2,"3":2,"4":3,"5":3,"6":0,"7":3,"8":0,"9":3,"10":3,"11":3,"12":1,"13":2,"14":2},"f":{"0":2,"1":3},"b":{"0":[0,3],"1":[3,3],"2":[0,3],"3":[3,3],"4":[3,1],"5":[3,1],"6":[1,2],"7":[3,2],"8":[1,1],"9":[1,1]}}
,"D:\\la-u\\ciclo 2025-2\\Proyecrto software\\tindart-back\\src\\domain\\dto\\comment\\create-comment.dto.ts": {"path":"D:\\la-u\\ciclo 2025-2\\Proyecrto software\\tindart-back\\src\\domain\\dto\\comment\\create-comment.dto.ts","statementMap":{"0":{"start":{"line":1,"column":0},"end":{"line":1,"column":61}},"1":{"start":{"line":5,"column":24},"end":{"line":5,"column":40}},"2":{"start":{"line":6,"column":24},"end":{"line":6,"column":38}},"3":{"start":{"line":7,"column":24},"end":{"line":7,"column":39}},"4":{"start":{"line":8,"column":24},"end":{"line":8,"column":38}},"5":{"start":{"line":9,"column":24},"end":{"line":9,"column":46}},"6":{"start":{"line":13,"column":67},"end":{"line":13,"column":72}},"7":{"start":{"line":14,"column":8},"end":{"line":14,"column":null}},"8":{"start":{"line":14,"column":53},"end":{"line":14,"column":null}},"9":{"start":{"line":15,"column":8},"end":{"line":15,"column":null}},"10":{"start":{"line":15,"column":46},"end":{"line":15,"column":null}},"11":{"start":{"line":16,"column":8},"end":{"line":16,"column":135}},"12":{"start":{"line":16,"column":72},"end":{"line":16,"column":135}},"13":{"start":{"line":17,"column":8},"end":{"line":17,"column":null}},"14":{"start":{"line":17,"column":23},"end":{"line":17,"column":null}},"15":{"start":{"line":18,"column":8},"end":{"line":18,"column":null}},"16":{"start":{"line":18,"column":21},"end":{"line":18,"column":null}},"17":{"start":{"line":20,"column":8},"end":{"line":20,"column":null}},"18":{"start":{"line":3,"column":0},"end":{"line":3,"column":13}}},"fnMap":{"0":{"name":"(anonymous_0)","decl":{"start":{"line":4,"column":4},"end":{"line":4,"column":null}},"loc":{"start":{"line":9,"column":46},"end":{"line":10,"column":7}}},"1":{"name":"(anonymous_1)","decl":{"start":{"line":12,"column":4},"end":{"line":12,"column":10}},"loc":{"start":{"line":12,"column":45},"end":{"line":21,"column":5}}}},"branchMap":{"0":{"loc":{"start":{"line":14,"column":8},"end":{"line":14,"column":null}},"type":"if","locations":[{"start":{"line":14,"column":8},"end":{"line":14,"column":null}},{"start":{},"end":{}}]},"1":{"loc":{"start":{"line":14,"column":12},"end":{"line":14,"column":51}},"type":"binary-expr","locations":[{"start":{"line":14,"column":12},"end":{"line":14,"column":20}},{"start":{"line":14,"column":24},"end":{"line":14,"column":51}}]},"2":{"loc":{"start":{"line":15,"column":8},"end":{"line":15,"column":null}},"type":"if","locations":[{"start":{"line":15,"column":8},"end":{"line":15,"column":null}},{"start":{},"end":{}}]},"3":{"loc":{"start":{"line":15,"column":12},"end":{"line":15,"column":44}},"type":"binary-expr","locations":[{"start":{"line":15,"column":12},"end":{"line":15,"column":17}},{"start":{"line":15,"column":21},"end":{"line":15,"column":44}}]},"4":{"loc":{"start":{"line":16,"column":8},"end":{"line":16,"column":135}},"type":"if","locations":[{"start":{"line":16,"column":8},"end":{"line":16,"column":135}},{"start":{},"end":{}}]},"5":{"loc":{"start":{"line":16,"column":12},"end":{"line":16,"column":70}},"type":"binary-expr","locations":[{"start":{"line":16,"column":12},"end":{"line":16,"column":25}},{"start":{"line":16,"column":29},"end":{"line":16,"column":70}}]},"6":{"loc":{"start":{"line":17,"column":8},"end":{"line":17,"column":null}},"type":"if","locations":[{"start":{"line":17,"column":8},"end":{"line":17,"column":null}},{"start":{},"end":{}}]},"7":{"loc":{"start":{"line":18,"column":8},"end":{"line":18,"column":null}},"type":"if","locations":[{"start":{"line":18,"column":8},"end":{"line":18,"column":null}},{"start":{},"end":{}}]}},"s":{"0":4,"1":1,"2":1,"3":1,"4":1,"5":1,"6":4,"7":4,"8":1,"9":3,"10":1,"11":2,"12":1,"13":1,"14":0,"15":1,"16":0,"17":1,"18":4},"f":{"0":1,"1":4},"b":{"0":[1,3],"1":[4,3],"2":[1,2],"3":[3,3],"4":[1,1],"5":[2,2],"6":[0,1],"7":[0,1]}}
,"D:\\la-u\\ciclo 2025-2\\Proyecrto software\\tindart-back\\src\\domain\\dto\\post\\create-post.dto.ts": {"path":"D:\\la-u\\ciclo 2025-2\\Proyecrto software\\tindart-back\\src\\domain\\dto\\post\\create-post.dto.ts","statementMap":{"0":{"start":{"line":1,"column":0},"end":{"line":1,"column":61}},"1":{"start":{"line":5,"column":24},"end":{"line":5,"column":40}},"2":{"start":{"line":6,"column":24},"end":{"line":6,"column":37}},"3":{"start":{"line":7,"column":24},"end":{"line":7,"column":37}},"4":{"start":{"line":8,"column":24},"end":{"line":8,"column":45}},"5":{"start":{"line":9,"column":24},"end":{"line":9,"column":43}},"6":{"start":{"line":10,"column":24},"end":{"line":10,"column":38}},"7":{"start":{"line":14,"column":74},"end":{"line":14,"column":79}},"8":{"start":{"line":15,"column":8},"end":{"line":15,"column":null}},"9":{"start":{"line":15,"column":49},"end":{"line":15,"column":null}},"10":{"start":{"line":16,"column":8},"end":{"line":16,"column":null}},"11":{"start":{"line":16,"column":47},"end":{"line":16,"column":null}},"12":{"start":{"line":17,"column":8},"end":{"line":17,"column":null}},"13":{"start":{"line":17,"column":61},"end":{"line":17,"column":null}},"14":{"start":{"line":18,"column":8},"end":{"line":18,"column":null}},"15":{"start":{"line":18,"column":43},"end":{"line":18,"column":null}},"16":{"start":{"line":19,"column":8},"end":{"line":19,"column":null}},"17":{"start":{"line":19,"column":55},"end":{"line":19,"column":null}},"18":{"start":{"line":22,"column":8},"end":{"line":22,"column":null}},"19":{"start":{"line":3,"column":0},"end":{"line":3,"column":13}}},"fnMap":{"0":{"name":"(anonymous_0)","decl":{"start":{"line":4,"column":4},"end":{"line":4,"column":null}},"loc":{"start":{"line":10,"column":38},"end":{"line":11,"column":7}}},"1":{"name":"(anonymous_1)","decl":{"start":{"line":13,"column":4},"end":{"line":13,"column":10}},"loc":{"start":{"line":13,"column":45},"end":{"line":23,"column":5}}}},"branchMap":{"0":{"loc":{"start":{"line":15,"column":8},"end":{"line":15,"column":null}},"type":"if","locations":[{"start":{"line":15,"column":8},"end":{"line":15,"column":null}},{"start":{},"end":{}}]},"1":{"loc":{"start":{"line":15,"column":12},"end":{"line":15,"column":47}},"type":"binary-expr","locations":[{"start":{"line":15,"column":12},"end":{"line":15,"column":18}},{"start":{"line":15,"column":22},"end":{"line":15,"column":47}}]},"2":{"loc":{"start":{"line":16,"column":8},"end":{"line":16,"column":null}},"type":"if","locations":[{"start":{"line":16,"column":8},"end":{"line":16,"column":null}},{"start":{},"end":{}}]},"3":{"loc":{"start":{"line":16,"column":12},"end":{"line":16,"column":45}},"type":"binary-expr","locations":[{"start":{"line":16,"column":12},"end":{"line":16,"column":18}},{"start":{"line":16,"column":22},"end":{"line":16,"column":45}}]},"4":{"loc":{"start":{"line":17,"column":8},"end":{"line":17,"column":null}},"type":"if","locations":[{"start":{"line":17,"column":8},"end":{"line":17,"column":null}},{"start":{},"end":{}}]},"5":{"loc":{"start":{"line":17,"column":12},"end":{"line":17,"column":59}},"type":"binary-expr","locations":[{"start":{"line":17,"column":12},"end":{"line":17,"column":24}},{"start":{"line":17,"column":28},"end":{"line":17,"column":59}}]},"6":{"loc":{"start":{"line":18,"column":8},"end":{"line":18,"column":null}},"type":"if","locations":[{"start":{"line":18,"column":8},"end":{"line":18,"column":null}},{"start":{},"end":{}}]},"7":{"loc":{"start":{"line":18,"column":12},"end":{"line":18,"column":41}},"type":"binary-expr","locations":[{"start":{"line":18,"column":12},"end":{"line":18,"column":17}},{"start":{"line":18,"column":21},"end":{"line":18,"column":41}}]},"8":{"loc":{"start":{"line":19,"column":8},"end":{"line":19,"column":null}},"type":"if","locations":[{"start":{"line":19,"column":8},"end":{"line":19,"column":null}},{"start":{},"end":{}}]}},"s":{"0":4,"1":1,"2":1,"3":1,"4":1,"5":1,"6":1,"7":3,"8":3,"9":0,"10":3,"11":1,"12":2,"13":0,"14":2,"15":1,"16":1,"17":0,"18":1,"19":4},"f":{"0":1,"1":3},"b":{"0":[0,3],"1":[3,3],"2":[1,2],"3":[3,3],"4":[0,2],"5":[2,2],"6":[1,1],"7":[2,2],"8":[0,1]}}
,"D:\\la-u\\ciclo 2025-2\\Proyecrto software\\tindart-back\\src\\domain\\dto\\whiteboard\\create-whiteboard.dto.ts": {"path":"D:\\la-u\\ciclo 2025-2\\Proyecrto software\\tindart-back\\src\\domain\\dto\\whiteboard\\create-whiteboard.dto.ts","statementMap":{"0":{"start":{"line":3,"column":20},"end":{"line":3,"column":35}},"1":{"start":{"line":4,"column":20},"end":{"line":4,"column":33}},"2":{"start":{"line":5,"column":20},"end":{"line":5,"column":39}},"3":{"start":{"line":6,"column":20},"end":{"line":6,"column":34}},"4":{"start":{"line":10,"column":54},"end":{"line":10,"column":59}},"5":{"start":{"line":12,"column":4},"end":{"line":13,"column":56}},"6":{"start":{"line":13,"column":6},"end":{"line":13,"column":56}},"7":{"start":{"line":15,"column":4},"end":{"line":16,"column":55}},"8":{"start":{"line":16,"column":6},"end":{"line":16,"column":55}},"9":{"start":{"line":18,"column":4},"end":{"line":19,"column":60}},"10":{"start":{"line":19,"column":6},"end":{"line":19,"column":60}},"11":{"start":{"line":21,"column":4},"end":{"line":22,"column":62}},"12":{"start":{"line":22,"column":6},"end":{"line":22,"column":62}},"13":{"start":{"line":24,"column":4},"end":{"line":24,"column":87}},"14":{"start":{"line":1,"column":0},"end":{"line":1,"column":13}}},"fnMap":{"0":{"name":"(anonymous_0)","decl":{"start":{"line":2,"column":2},"end":{"line":2,"column":null}},"loc":{"start":{"line":6,"column":34},"end":{"line":7,"column":6}}},"1":{"name":"(anonymous_1)","decl":{"start":{"line":9,"column":2},"end":{"line":9,"column":8}},"loc":{"start":{"line":9,"column":45},"end":{"line":25,"column":3}}}},"branchMap":{"0":{"loc":{"start":{"line":12,"column":4},"end":{"line":13,"column":56}},"type":"if","locations":[{"start":{"line":12,"column":4},"end":{"line":13,"column":56}},{"start":{},"end":{}}]},"1":{"loc":{"start":{"line":12,"column":8},"end":{"line":12,"column":47}},"type":"binary-expr","locations":[{"start":{"line":12,"column":8},"end":{"line":12,"column":16}},{"start":{"line":12,"column":20},"end":{"line":12,"column":47}}]},"2":{"loc":{"start":{"line":15,"column":4},"end":{"line":16,"column":55}},"type":"if","locations":[{"start":{"line":15,"column":4},"end":{"line":16,"column":55}},{"start":{},"end":{}}]},"3":{"loc":{"start":{"line":15,"column":8},"end":{"line":15,"column":43}},"type":"binary-expr","locations":[{"start":{"line":15,"column":8},"end":{"line":15,"column":14}},{"start":{"line":15,"column":18},"end":{"line":15,"column":43}}]},"4":{"loc":{"start":{"line":18,"column":4},"end":{"line":19,"column":60}},"type":"if","locations":[{"start":{"line":18,"column":4},"end":{"line":19,"column":60}},{"start":{},"end":{}}]},"5":{"loc":{"start":{"line":18,"column":8},"end":{"line":18,"column":55}},"type":"binary-expr","locations":[{"start":{"line":18,"column":8},"end":{"line":18,"column":20}},{"start":{"line":18,"column":24},"end":{"line":18,"column":55}}]},"6":{"loc":{"start":{"line":21,"column":4},"end":{"line":22,"column":62}},"type":"if","locations":[{"start":{"line":21,"column":4},"end":{"line":22,"column":62}},{"start":{},"end":{}}]},"7":{"loc":{"start":{"line":21,"column":8},"end":{"line":21,"column":48}},"type":"binary-expr","locations":[{"start":{"line":21,"column":8},"end":{"line":21,"column":16}},{"start":{"line":21,"column":20},"end":{"line":21,"column":48}}]}},"s":{"0":1,"1":1,"2":1,"3":1,"4":4,"5":4,"6":1,"7":3,"8":0,"9":3,"10":1,"11":2,"12":1,"13":1,"14":4},"f":{"0":1,"1":4},"b":{"0":[1,3],"1":[4,4],"2":[0,3],"3":[3,3],"4":[1,2],"5":[3,2],"6":[1,1],"7":[2,2]}}
,"D:\\la-u\\ciclo 2025-2\\Proyecrto software\\tindart-back\\src\\domain\\dto\\whiteboard\\update-whiteboard.dto.ts": {"path":"D:\\la-u\\ciclo 2025-2\\Proyecrto software\\tindart-back\\src\\domain\\dto\\whiteboard\\update-whiteboard.dto.ts","statementMap":{"0":{"start":{"line":3,"column":20},"end":{"line":3,"column":34}},"1":{"start":{"line":4,"column":20},"end":{"line":4,"column":40}},"2":{"start":{"line":5,"column":20},"end":{"line":5,"column":34}},"3":{"start":{"line":9,"column":45},"end":{"line":9,"column":50}},"4":{"start":{"line":11,"column":4},"end":{"line":16,"column":5}},"5":{"start":{"line":15,"column":6},"end":{"line":15,"column":65}},"6":{"start":{"line":18,"column":4},"end":{"line":19,"column":62}},"7":{"start":{"line":19,"column":6},"end":{"line":19,"column":62}},"8":{"start":{"line":22,"column":4},"end":{"line":23,"column":69}},"9":{"start":{"line":23,"column":6},"end":{"line":23,"column":69}},"10":{"start":{"line":25,"column":4},"end":{"line":25,"column":78}},"11":{"start":{"line":1,"column":0},"end":{"line":1,"column":13}}},"fnMap":{"0":{"name":"(anonymous_0)","decl":{"start":{"line":2,"column":2},"end":{"line":2,"column":null}},"loc":{"start":{"line":5,"column":34},"end":{"line":6,"column":6}}},"1":{"name":"(anonymous_1)","decl":{"start":{"line":8,"column":2},"end":{"line":8,"column":8}},"loc":{"start":{"line":8,"column":45},"end":{"line":26,"column":3}}}},"branchMap":{"0":{"loc":{"start":{"line":11,"column":4},"end":{"line":16,"column":5}},"type":"if","locations":[{"start":{"line":11,"column":4},"end":{"line":16,"column":5}},{"start":{},"end":{}}]},"1":{"loc":{"start":{"line":12,"column":6},"end":{"line":13,"column":54}},"type":"binary-expr","locations":[{"start":{"line":12,"column":7},"end":{"line":12,"column":12}},{"start":{"line":12,"column":16},"end":{"line":12,"column":41}},{"start":{"line":13,"column":7},"end":{"line":13,"column":18}},{"start":{"line":13,"column":22},"end":{"line":13,"column":53}}]},"2":{"loc":{"start":{"line":18,"column":4},"end":{"line":19,"column":62}},"type":"if","locations":[{"start":{"line":18,"column":4},"end":{"line":19,"column":62}},{"start":{},"end":{}}]},"3":{"loc":{"start":{"line":18,"column":8},"end":{"line":18,"column":48}},"type":"binary-expr","locations":[{"start":{"line":18,"column":8},"end":{"line":18,"column":16}},{"start":{"line":18,"column":20},"end":{"line":18,"column":48}}]},"4":{"loc":{"start":{"line":22,"column":4},"end":{"line":23,"column":69}},"type":"if","locations":[{"start":{"line":22,"column":4},"end":{"line":23,"column":69}},{"start":{},"end":{}}]},"5":{"loc":{"start":{"line":22,"column":8},"end":{"line":22,"column":43}},"type":"binary-expr","locations":[{"start":{"line":22,"column":8},"end":{"line":22,"column":14}},{"start":{"line":22,"column":18},"end":{"line":22,"column":30}},{"start":{"line":22,"column":34},"end":{"line":22,"column":43}}]}},"s":{"0":1,"1":1,"2":1,"3":3,"4":3,"5":1,"6":2,"7":0,"8":2,"9":1,"10":1,"11":4},"f":{"0":1,"1":3},"b":{"0":[1,2],"1":[3,2,2,0],"2":[0,2],"3":[2,0],"4":[1,1],"5":[2,1,1]}}
,"D:\\la-u\\ciclo 2025-2\\Proyecrto software\\tindart-back\\src\\domain\\entities\\comment.entity.ts": {"path":"D:\\la-u\\ciclo 2025-2\\Proyecrto software\\tindart-back\\src\\domain\\entities\\comment.entity.ts","statementMap":{"0":{"start":{"line":1,"column":0},"end":{"line":1,"column":41}},"1":{"start":{"line":2,"column":0},"end":{"line":2,"column":53}},"2":{"start":{"line":6,"column":20},"end":{"line":6,"column":30}},"3":{"start":{"line":7,"column":20},"end":{"line":7,"column":35}},"4":{"start":{"line":8,"column":20},"end":{"line":8,"column":40}},"5":{"start":{"line":9,"column":20},"end":{"line":9,"column":34}},"6":{"start":{"line":10,"column":20},"end":{"line":10,"column":36}},"7":{"start":{"line":11,"column":20},"end":{"line":11,"column":38}},"8":{"start":{"line":12,"column":20},"end":{"line":12,"column":35}},"9":{"start":{"line":13,"column":20},"end":{"line":13,"column":39}},"10":{"start":{"line":14,"column":20},"end":{"line":14,"column":35}},"11":{"start":{"line":18,"column":118},"end":{"line":18,"column":124}},"12":{"start":{"line":20,"column":4},"end":{"line":20,"column":56}},"13":{"start":{"line":20,"column":13},"end":{"line":20,"column":56}},"14":{"start":{"line":21,"column":4},"end":{"line":21,"column":66}},"15":{"start":{"line":21,"column":18},"end":{"line":21,"column":66}},"16":{"start":{"line":22,"column":4},"end":{"line":22,"column":65}},"17":{"start":{"line":22,"column":17},"end":{"line":22,"column":65}},"18":{"start":{"line":23,"column":4},"end":{"line":23,"column":64}},"19":{"start":{"line":23,"column":17},"end":{"line":23,"column":64}},"20":{"start":{"line":24,"column":4},"end":{"line":24,"column":68}},"21":{"start":{"line":24,"column":19},"end":{"line":24,"column":68}},"22":{"start":{"line":25,"column":37},"end":{"line":25,"column":41}},"23":{"start":{"line":26,"column":4},"end":{"line":28,"column":5}},"24":{"start":{"line":27,"column":6},"end":{"line":27,"column":67}},"25":{"start":{"line":30,"column":4},"end":{"line":30,"column":146}},"26":{"start":{"line":4,"column":0},"end":{"line":4,"column":13}}},"fnMap":{"0":{"name":"(anonymous_0)","decl":{"start":{"line":5,"column":2},"end":{"line":5,"column":null}},"loc":{"start":{"line":14,"column":35},"end":{"line":15,"column":6}}},"1":{"name":"(anonymous_1)","decl":{"start":{"line":17,"column":2},"end":{"line":17,"column":8}},"loc":{"start":{"line":17,"column":50},"end":{"line":31,"column":3}}}},"branchMap":{"0":{"loc":{"start":{"line":18,"column":68},"end":{"line":18,"column":93}},"type":"default-arg","locations":[{"start":{"line":18,"column":77},"end":{"line":18,"column":93}}]},"1":{"loc":{"start":{"line":18,"column":95},"end":{"line":18,"column":114}},"type":"default-arg","locations":[{"start":{"line":18,"column":109},"end":{"line":18,"column":114}}]},"2":{"loc":{"start":{"line":20,"column":4},"end":{"line":20,"column":56}},"type":"if","locations":[{"start":{"line":20,"column":4},"end":{"line":20,"column":56}},{"start":{},"end":{}}]},"3":{"loc":{"start":{"line":21,"column":4},"end":{"line":21,"column":66}},"type":"if","locations":[{"start":{"line":21,"column":4},"end":{"line":21,"column":66}},{"start":{},"end":{}}]},"4":{"loc":{"start":{"line":22,"column":4},"end":{"line":22,"column":65}},"type":"if","locations":[{"start":{"line":22,"column":4},"end":{"line":22,"column":65}},{"start":{},"end":{}}]},"5":{"loc":{"start":{"line":23,"column":4},"end":{"line":23,"column":64}},"type":"if","locations":[{"start":{"line":23,"column":4},"end":{"line":23,"column":64}},{"start":{},"end":{}}]},"6":{"loc":{"start":{"line":24,"column":4},"end":{"line":24,"column":68}},"type":"if","locations":[{"start":{"line":24,"column":4},"end":{"line":24,"column":68}},{"start":{},"end":{}}]},"7":{"loc":{"start":{"line":26,"column":4},"end":{"line":28,"column":5}},"type":"if","locations":[{"start":{"line":26,"column":4},"end":{"line":28,"column":5}},{"start":{},"end":{}}]},"8":{"loc":{"start":{"line":30,"column":42},"end":{"line":30,"column":61}},"type":"binary-expr","locations":[{"start":{"line":30,"column":42},"end":{"line":30,"column":53}},{"start":{"line":30,"column":57},"end":{"line":30,"column":61}}]}},"s":{"0":5,"1":5,"2":2,"3":2,"4":2,"5":2,"6":2,"7":2,"8":2,"9":2,"10":2,"11":4,"12":4,"13":1,"14":3,"15":1,"16":2,"17":0,"18":2,"19":0,"20":2,"21":0,"22":2,"23":2,"24":1,"25":2,"26":5},"f":{"0":2,"1":4},"b":{"0":[3],"1":[3],"2":[1,3],"3":[1,2],"4":[0,2],"5":[0,2],"6":[0,2],"7":[1,1],"8":[2,1]}}
,"D:\\la-u\\ciclo 2025-2\\Proyecrto software\\tindart-back\\src\\domain\\entities\\conversation.entity.ts": {"path":"D:\\la-u\\ciclo 2025-2\\Proyecrto software\\tindart-back\\src\\domain\\entities\\conversation.entity.ts","statementMap":{"0":{"start":{"line":1,"column":0},"end":{"line":1,"column":53}},"1":{"start":{"line":5,"column":20},"end":{"line":5,"column":30}},"2":{"start":{"line":6,"column":20},"end":{"line":6,"column":37}},"3":{"start":{"line":7,"column":20},"end":{"line":7,"column":37}},"4":{"start":{"line":8,"column":20},"end":{"line":8,"column":35}},"5":{"start":{"line":12,"column":52},"end":{"line":12,"column":58}},"6":{"start":{"line":14,"column":4},"end":{"line":14,"column":69}},"7":{"start":{"line":14,"column":13},"end":{"line":14,"column":69}},"8":{"start":{"line":15,"column":4},"end":{"line":15,"column":70}},"9":{"start":{"line":15,"column":20},"end":{"line":15,"column":70}},"10":{"start":{"line":16,"column":4},"end":{"line":16,"column":70}},"11":{"start":{"line":16,"column":20},"end":{"line":16,"column":70}},"12":{"start":{"line":18,"column":4},"end":{"line":23,"column":6}},"13":{"start":{"line":3,"column":0},"end":{"line":3,"column":13}}},"fnMap":{"0":{"name":"(anonymous_0)","decl":{"start":{"line":4,"column":2},"end":{"line":4,"column":null}},"loc":{"start":{"line":8,"column":35},"end":{"line":9,"column":6}}},"1":{"name":"(anonymous_1)","decl":{"start":{"line":11,"column":2},"end":{"line":11,"column":8}},"loc":{"start":{"line":11,"column":50},"end":{"line":24,"column":3}}}},"branchMap":{"0":{"loc":{"start":{"line":14,"column":4},"end":{"line":14,"column":69}},"type":"if","locations":[{"start":{"line":14,"column":4},"end":{"line":14,"column":69}},{"start":{},"end":{}}]},"1":{"loc":{"start":{"line":15,"column":4},"end":{"line":15,"column":70}},"type":"if","locations":[{"start":{"line":15,"column":4},"end":{"line":15,"column":70}},{"start":{},"end":{}}]},"2":{"loc":{"start":{"line":16,"column":4},"end":{"line":16,"column":70}},"type":"if","locations":[{"start":{"line":16,"column":4},"end":{"line":16,"column":70}},{"start":{},"end":{}}]}},"s":{"0":1,"1":1,"2":1,"3":1,"4":1,"5":3,"6":3,"7":1,"8":2,"9":1,"10":1,"11":0,"12":1,"13":1},"f":{"0":1,"1":3},"b":{"0":[1,2],"1":[1,1],"2":[0,1]}}
,"D:\\la-u\\ciclo 2025-2\\Proyecrto software\\tindart-back\\src\\domain\\entities\\follows.entity.ts": {"path":"D:\\la-u\\ciclo 2025-2\\Proyecrto software\\tindart-back\\src\\domain\\entities\\follows.entity.ts","statementMap":{"0":{"start":{"line":1,"column":0},"end":{"line":1,"column":53}},"1":{"start":{"line":5,"column":20},"end":{"line":5,"column":30}},"2":{"start":{"line":6,"column":20},"end":{"line":6,"column":38}},"3":{"start":{"line":7,"column":20},"end":{"line":7,"column":37}},"4":{"start":{"line":11,"column":42},"end":{"line":11,"column":48}},"5":{"start":{"line":13,"column":4},"end":{"line":13,"column":56}},"6":{"start":{"line":13,"column":13},"end":{"line":13,"column":56}},"7":{"start":{"line":14,"column":4},"end":{"line":14,"column":72}},"8":{"start":{"line":14,"column":21},"end":{"line":14,"column":72}},"9":{"start":{"line":15,"column":4},"end":{"line":15,"column":70}},"10":{"start":{"line":15,"column":20},"end":{"line":15,"column":70}},"11":{"start":{"line":17,"column":4},"end":{"line":17,"column":56}},"12":{"start":{"line":3,"column":0},"end":{"line":3,"column":13}}},"fnMap":{"0":{"name":"(anonymous_0)","decl":{"start":{"line":4,"column":2},"end":{"line":4,"column":null}},"loc":{"start":{"line":7,"column":37},"end":{"line":8,"column":6}}},"1":{"name":"(anonymous_1)","decl":{"start":{"line":10,"column":2},"end":{"line":10,"column":8}},"loc":{"start":{"line":10,"column":50},"end":{"line":18,"column":3}}}},"branchMap":{"0":{"loc":{"start":{"line":13,"column":4},"end":{"line":13,"column":56}},"type":"if","locations":[{"start":{"line":13,"column":4},"end":{"line":13,"column":56}},{"start":{},"end":{}}]},"1":{"loc":{"start":{"line":14,"column":4},"end":{"line":14,"column":72}},"type":"if","locations":[{"start":{"line":14,"column":4},"end":{"line":14,"column":72}},{"start":{},"end":{}}]},"2":{"loc":{"start":{"line":15,"column":4},"end":{"line":15,"column":70}},"type":"if","locations":[{"start":{"line":15,"column":4},"end":{"line":15,"column":70}},{"start":{},"end":{}}]}},"s":{"0":1,"1":1,"2":1,"3":1,"4":3,"5":3,"6":1,"7":2,"8":1,"9":1,"10":0,"11":1,"12":1},"f":{"0":1,"1":3},"b":{"0":[1,2],"1":[1,1],"2":[0,1]}}
,"D:\\la-u\\ciclo 2025-2\\Proyecrto software\\tindart-back\\src\\domain\\entities\\message.entity.ts": {"path":"D:\\la-u\\ciclo 2025-2\\Proyecrto software\\tindart-back\\src\\domain\\entities\\message.entity.ts","statementMap":{"0":{"start":{"line":1,"column":0},"end":{"line":1,"column":41}},"1":{"start":{"line":2,"column":0},"end":{"line":2,"column":53}},"2":{"start":{"line":6,"column":20},"end":{"line":6,"column":30}},"3":{"start":{"line":7,"column":20},"end":{"line":7,"column":39}},"4":{"start":{"line":8,"column":20},"end":{"line":8,"column":34}},"5":{"start":{"line":9,"column":20},"end":{"line":9,"column":35}},"6":{"start":{"line":10,"column":20},"end":{"line":10,"column":34}},"7":{"start":{"line":11,"column":20},"end":{"line":11,"column":42}},"8":{"start":{"line":12,"column":20},"end":{"line":12,"column":41}},"9":{"start":{"line":13,"column":20},"end":{"line":13,"column":49}},"10":{"start":{"line":21,"column":8},"end":{"line":21,"column":14}},"11":{"start":{"line":23,"column":4},"end":{"line":23,"column":56}},"12":{"start":{"line":23,"column":13},"end":{"line":23,"column":56}},"13":{"start":{"line":24,"column":4},"end":{"line":24,"column":64}},"14":{"start":{"line":24,"column":17},"end":{"line":24,"column":64}},"15":{"start":{"line":25,"column":4},"end":{"line":25,"column":80}},"16":{"start":{"line":25,"column":25},"end":{"line":25,"column":80}},"17":{"start":{"line":26,"column":4},"end":{"line":26,"column":64}},"18":{"start":{"line":26,"column":17},"end":{"line":26,"column":64}},"19":{"start":{"line":28,"column":40},"end":{"line":28,"column":44}},"20":{"start":{"line":30,"column":4},"end":{"line":32,"column":5}},"21":{"start":{"line":31,"column":6},"end":{"line":31,"column":74}},"22":{"start":{"line":34,"column":4},"end":{"line":43,"column":6}},"23":{"start":{"line":4,"column":0},"end":{"line":4,"column":13}}},"fnMap":{"0":{"name":"(anonymous_0)","decl":{"start":{"line":5,"column":2},"end":{"line":5,"column":null}},"loc":{"start":{"line":13,"column":49},"end":{"line":14,"column":6}}},"1":{"name":"(anonymous_1)","decl":{"start":{"line":16,"column":2},"end":{"line":16,"column":8}},"loc":{"start":{"line":16,"column":50},"end":{"line":44,"column":3}}}},"branchMap":{"0":{"loc":{"start":{"line":23,"column":4},"end":{"line":23,"column":56}},"type":"if","locations":[{"start":{"line":23,"column":4},"end":{"line":23,"column":56}},{"start":{},"end":{}}]},"1":{"loc":{"start":{"line":24,"column":4},"end":{"line":24,"column":64}},"type":"if","locations":[{"start":{"line":24,"column":4},"end":{"line":24,"column":64}},{"start":{},"end":{}}]},"2":{"loc":{"start":{"line":25,"column":4},"end":{"line":25,"column":80}},"type":"if","locations":[{"start":{"line":25,"column":4},"end":{"line":25,"column":80}},{"start":{},"end":{}}]},"3":{"loc":{"start":{"line":26,"column":4},"end":{"line":26,"column":64}},"type":"if","locations":[{"start":{"line":26,"column":4},"end":{"line":26,"column":64}},{"start":{},"end":{}}]},"4":{"loc":{"start":{"line":30,"column":4},"end":{"line":32,"column":5}},"type":"if","locations":[{"start":{"line":30,"column":4},"end":{"line":32,"column":5}},{"start":{},"end":{}}]},"5":{"loc":{"start":{"line":30,"column":8},"end":{"line":30,"column":22}},"type":"binary-expr","locations":[{"start":{"line":30,"column":8},"end":{"line":30,"column":14}},{"start":{"line":30,"column":18},"end":{"line":30,"column":22}}]},"6":{"loc":{"start":{"line":36,"column":6},"end":{"line":36,"column":18}},"type":"binary-expr","locations":[{"start":{"line":36,"column":6},"end":{"line":36,"column":10}},{"start":{"line":36,"column":14},"end":{"line":36,"column":18}}]},"7":{"loc":{"start":{"line":41,"column":6},"end":{"line":41,"column":20}},"type":"binary-expr","locations":[{"start":{"line":41,"column":6},"end":{"line":41,"column":12}},{"start":{"line":41,"column":16},"end":{"line":41,"column":20}}]}},"s":{"0":1,"1":1,"2":1,"3":1,"4":1,"5":1,"6":1,"7":1,"8":1,"9":1,"10":3,"11":3,"12":1,"13":2,"14":1,"15":1,"16":0,"17":1,"18":0,"19":1,"20":1,"21":1,"22":1,"23":1},"f":{"0":1,"1":3},"b":{"0":[1,2],"1":[1,1],"2":[0,1],"3":[0,1],"4":[1,0],"5":[1,1],"6":[1,0],"7":[1,0]}}
,"D:\\la-u\\ciclo 2025-2\\Proyecrto software\\tindart-back\\src\\domain\\entities\\post.entity.ts": {"path":"D:\\la-u\\ciclo 2025-2\\Proyecrto software\\tindart-back\\src\\domain\\entities\\post.entity.ts","statementMap":{"0":{"start":{"line":1,"column":0},"end":{"line":1,"column":41}},"1":{"start":{"line":3,"column":0},"end":{"line":3,"column":53}},"2":{"start":{"line":7,"column":20},"end":{"line":7,"column":30}},"3":{"start":{"line":8,"column":20},"end":{"line":8,"column":33}},"4":{"start":{"line":9,"column":20},"end":{"line":9,"column":33}},"5":{"start":{"line":10,"column":20},"end":{"line":10,"column":39}},"6":{"start":{"line":11,"column":20},"end":{"line":11,"column":34}},"7":{"start":{"line":12,"column":20},"end":{"line":12,"column":36}},"8":{"start":{"line":13,"column":20},"end":{"line":13,"column":35}},"9":{"start":{"line":17,"column":83},"end":{"line":17,"column":89}},"10":{"start":{"line":19,"column":4},"end":{"line":19,"column":56}},"11":{"start":{"line":19,"column":13},"end":{"line":19,"column":56}},"12":{"start":{"line":20,"column":4},"end":{"line":20,"column":62}},"13":{"start":{"line":20,"column":16},"end":{"line":20,"column":62}},"14":{"start":{"line":21,"column":4},"end":{"line":21,"column":74}},"15":{"start":{"line":21,"column":22},"end":{"line":21,"column":74}},"16":{"start":{"line":22,"column":4},"end":{"line":22,"column":86}},"17":{"start":{"line":22,"column":30},"end":{"line":22,"column":86}},"18":{"start":{"line":23,"column":4},"end":{"line":23,"column":68}},"19":{"start":{"line":23,"column":19},"end":{"line":23,"column":68}},"20":{"start":{"line":25,"column":37},"end":{"line":25,"column":41}},"21":{"start":{"line":26,"column":4},"end":{"line":28,"column":5}},"22":{"start":{"line":27,"column":6},"end":{"line":27,"column":67}},"23":{"start":{"line":29,"column":4},"end":{"line":29,"column":91}},"24":{"start":{"line":5,"column":0},"end":{"line":5,"column":13}}},"fnMap":{"0":{"name":"(anonymous_0)","decl":{"start":{"line":6,"column":2},"end":{"line":6,"column":null}},"loc":{"start":{"line":13,"column":35},"end":{"line":14,"column":6}}},"1":{"name":"(anonymous_1)","decl":{"start":{"line":16,"column":2},"end":{"line":16,"column":8}},"loc":{"start":{"line":16,"column":50},"end":{"line":30,"column":3}}}},"branchMap":{"0":{"loc":{"start":{"line":19,"column":4},"end":{"line":19,"column":56}},"type":"if","locations":[{"start":{"line":19,"column":4},"end":{"line":19,"column":56}},{"start":{},"end":{}}]},"1":{"loc":{"start":{"line":20,"column":4},"end":{"line":20,"column":62}},"type":"if","locations":[{"start":{"line":20,"column":4},"end":{"line":20,"column":62}},{"start":{},"end":{}}]},"2":{"loc":{"start":{"line":21,"column":4},"end":{"line":21,"column":74}},"type":"if","locations":[{"start":{"line":21,"column":4},"end":{"line":21,"column":74}},{"start":{},"end":{}}]},"3":{"loc":{"start":{"line":22,"column":4},"end":{"line":22,"column":86}},"type":"if","locations":[{"start":{"line":22,"column":4},"end":{"line":22,"column":86}},{"start":{},"end":{}}]},"4":{"loc":{"start":{"line":23,"column":4},"end":{"line":23,"column":68}},"type":"if","locations":[{"start":{"line":23,"column":4},"end":{"line":23,"column":68}},{"start":{},"end":{}}]},"5":{"loc":{"start":{"line":26,"column":4},"end":{"line":28,"column":5}},"type":"if","locations":[{"start":{"line":26,"column":4},"end":{"line":28,"column":5}},{"start":{},"end":{}}]}},"s":{"0":7,"1":7,"2":4,"3":4,"4":4,"5":4,"6":4,"7":4,"8":4,"9":5,"10":5,"11":0,"12":5,"13":0,"14":5,"15":0,"16":5,"17":1,"18":4,"19":0,"20":4,"21":4,"22":1,"23":4,"24":7},"f":{"0":4,"1":5},"b":{"0":[0,5],"1":[0,5],"2":[0,5],"3":[1,4],"4":[0,4],"5":[1,3]}}
,"D:\\la-u\\ciclo 2025-2\\Proyecrto software\\tindart-back\\src\\domain\\entities\\user.entitys.ts": {"path":"D:\\la-u\\ciclo 2025-2\\Proyecrto software\\tindart-back\\src\\domain\\entities\\user.entitys.ts","statementMap":{"0":{"start":{"line":1,"column":0},"end":{"line":1,"column":53}},"1":{"start":{"line":5,"column":20},"end":{"line":5,"column":30}},"2":{"start":{"line":6,"column":20},"end":{"line":6,"column":36}},"3":{"start":{"line":7,"column":20},"end":{"line":7,"column":33}},"4":{"start":{"line":8,"column":20},"end":{"line":8,"column":36}},"5":{"start":{"line":9,"column":20},"end":{"line":9,"column":35}},"6":{"start":{"line":10,"column":20},"end":{"line":10,"column":32}},"7":{"start":{"line":11,"column":20},"end":{"line":11,"column":37}},"8":{"start":{"line":12,"column":20},"end":{"line":12,"column":37}},"9":{"start":{"line":16,"column":85},"end":{"line":16,"column":91}},"10":{"start":{"line":18,"column":4},"end":{"line":18,"column":56}},"11":{"start":{"line":18,"column":13},"end":{"line":18,"column":56}},"12":{"start":{"line":19,"column":4},"end":{"line":19,"column":68}},"13":{"start":{"line":19,"column":19},"end":{"line":19,"column":68}},"14":{"start":{"line":20,"column":4},"end":{"line":20,"column":62}},"15":{"start":{"line":20,"column":16},"end":{"line":20,"column":62}},"16":{"start":{"line":21,"column":4},"end":{"line":21,"column":68}},"17":{"start":{"line":21,"column":19},"end":{"line":21,"column":68}},"18":{"start":{"line":23,"column":4},"end":{"line":23,"column":96}},"19":{"start":{"line":3,"column":0},"end":{"line":3,"column":13}}},"fnMap":{"0":{"name":"(anonymous_0)","decl":{"start":{"line":4,"column":2},"end":{"line":4,"column":null}},"loc":{"start":{"line":12,"column":37},"end":{"line":13,"column":6}}},"1":{"name":"(anonymous_1)","decl":{"start":{"line":15,"column":2},"end":{"line":15,"column":8}},"loc":{"start":{"line":15,"column":50},"end":{"line":24,"column":3}}}},"branchMap":{"0":{"loc":{"start":{"line":18,"column":4},"end":{"line":18,"column":56}},"type":"if","locations":[{"start":{"line":18,"column":4},"end":{"line":18,"column":56}},{"start":{},"end":{}}]},"1":{"loc":{"start":{"line":19,"column":4},"end":{"line":19,"column":68}},"type":"if","locations":[{"start":{"line":19,"column":4},"end":{"line":19,"column":68}},{"start":{},"end":{}}]},"2":{"loc":{"start":{"line":20,"column":4},"end":{"line":20,"column":62}},"type":"if","locations":[{"start":{"line":20,"column":4},"end":{"line":20,"column":62}},{"start":{},"end":{}}]},"3":{"loc":{"start":{"line":21,"column":4},"end":{"line":21,"column":68}},"type":"if","locations":[{"start":{"line":21,"column":4},"end":{"line":21,"column":68}},{"start":{},"end":{}}]}},"s":{"0":8,"1":6,"2":6,"3":6,"4":6,"5":6,"6":6,"7":6,"8":6,"9":9,"10":9,"11":1,"12":8,"13":1,"14":7,"15":1,"16":6,"17":1,"18":5,"19":8},"f":{"0":6,"1":9},"b":{"0":[1,8],"1":[1,7],"2":[1,6],"3":[1,5]}}
,"D:\\la-u\\ciclo 2025-2\\Proyecrto software\\tindart-back\\src\\domain\\entities\\whiteboard.entity.ts": {"path":"D:\\la-u\\ciclo 2025-2\\Proyecrto software\\tindart-back\\src\\domain\\entities\\whiteboard.entity.ts","statementMap":{"0":{"start":{"line":1,"column":0},"end":{"line":1,"column":53}},"1":{"start":{"line":5,"column":24},"end":{"line":5,"column":34}},"2":{"start":{"line":6,"column":24},"end":{"line":6,"column":37}},"3":{"start":{"line":7,"column":24},"end":{"line":7,"column":43}},"4":{"start":{"line":8,"column":24},"end":{"line":8,"column":39}},"5":{"start":{"line":9,"column":24},"end":{"line":9,"column":41}},"6":{"start":{"line":10,"column":24},"end":{"line":10,"column":40}},"7":{"start":{"line":11,"column":24},"end":{"line":11,"column":40}},"8":{"start":{"line":22,"column":12},"end":{"line":22,"column":18}},"9":{"start":{"line":24,"column":8},"end":{"line":24,"column":60}},"10":{"start":{"line":24,"column":17},"end":{"line":24,"column":60}},"11":{"start":{"line":25,"column":8},"end":{"line":25,"column":66}},"12":{"start":{"line":25,"column":20},"end":{"line":25,"column":66}},"13":{"start":{"line":26,"column":8},"end":{"line":26,"column":78}},"14":{"start":{"line":26,"column":26},"end":{"line":26,"column":78}},"15":{"start":{"line":27,"column":8},"end":{"line":27,"column":70}},"16":{"start":{"line":27,"column":22},"end":{"line":27,"column":70}},"17":{"start":{"line":29,"column":8},"end":{"line":37,"column":10}},"18":{"start":{"line":3,"column":0},"end":{"line":3,"column":13}}},"fnMap":{"0":{"name":"(anonymous_0)","decl":{"start":{"line":4,"column":4},"end":{"line":4,"column":null}},"loc":{"start":{"line":11,"column":40},"end":{"line":12,"column":8}}},"1":{"name":"(anonymous_1)","decl":{"start":{"line":13,"column":4},"end":{"line":13,"column":10}},"loc":{"start":{"line":13,"column":52},"end":{"line":38,"column":5}}}},"branchMap":{"0":{"loc":{"start":{"line":24,"column":8},"end":{"line":24,"column":60}},"type":"if","locations":[{"start":{"line":24,"column":8},"end":{"line":24,"column":60}},{"start":{},"end":{}}]},"1":{"loc":{"start":{"line":25,"column":8},"end":{"line":25,"column":66}},"type":"if","locations":[{"start":{"line":25,"column":8},"end":{"line":25,"column":66}},{"start":{},"end":{}}]},"2":{"loc":{"start":{"line":26,"column":8},"end":{"line":26,"column":78}},"type":"if","locations":[{"start":{"line":26,"column":8},"end":{"line":26,"column":78}},{"start":{},"end":{}}]},"3":{"loc":{"start":{"line":27,"column":8},"end":{"line":27,"column":70}},"type":"if","locations":[{"start":{"line":27,"column":8},"end":{"line":27,"column":70}},{"start":{},"end":{}}]}},"s":{"0":5,"1":4,"2":4,"3":4,"4":4,"5":4,"6":4,"7":4,"8":7,"9":7,"10":1,"11":6,"12":1,"13":5,"14":1,"15":4,"16":1,"17":3,"18":5},"f":{"0":4,"1":7},"b":{"0":[1,6],"1":[1,5],"2":[1,4],"3":[1,3]}}
,"D:\\la-u\\ciclo 2025-2\\Proyecrto software\\tindart-back\\src\\domain\\errors\\custom.error.ts": {"path":"D:\\la-u\\ciclo 2025-2\\Proyecrto software\\tindart-back\\src\\domain\\errors\\custom.error.ts","statementMap":{"0":{"start":{"line":7,"column":8},"end":{"line":7,"column":null}},"1":{"start":{"line":4,"column":24},"end":{"line":4,"column":42}},"2":{"start":{"line":5,"column":24},"end":{"line":5,"column":39}},"3":{"start":{"line":11,"column":8},"end":{"line":11,"column":null}},"4":{"start":{"line":14,"column":8},"end":{"line":14,"column":null}},"5":{"start":{"line":17,"column":8},"end":{"line":17,"column":null}},"6":{"start":{"line":20,"column":8},"end":{"line":20,"column":null}},"7":{"start":{"line":23,"column":8},"end":{"line":23,"column":null}},"8":{"start":{"line":1,"column":0},"end":{"line":1,"column":13}}},"fnMap":{"0":{"name":"(anonymous_0)","decl":{"start":{"line":3,"column":4},"end":{"line":3,"column":null}},"loc":{"start":{"line":5,"column":39},"end":{"line":8,"column":5}}},"1":{"name":"(anonymous_1)","decl":{"start":{"line":10,"column":4},"end":{"line":10,"column":10}},"loc":{"start":{"line":10,"column":37},"end":{"line":12,"column":5}}},"2":{"name":"(anonymous_2)","decl":{"start":{"line":13,"column":4},"end":{"line":13,"column":10}},"loc":{"start":{"line":13,"column":38},"end":{"line":15,"column":5}}},"3":{"name":"(anonymous_3)","decl":{"start":{"line":16,"column":4},"end":{"line":16,"column":10}},"loc":{"start":{"line":16,"column":36},"end":{"line":18,"column":5}}},"4":{"name":"(anonymous_4)","decl":{"start":{"line":19,"column":4},"end":{"line":19,"column":10}},"loc":{"start":{"line":19,"column":35},"end":{"line":21,"column":5}}},"5":{"name":"(anonymous_5)","decl":{"start":{"line":22,"column":4},"end":{"line":22,"column":10}},"loc":{"start":{"line":22,"column":41},"end":{"line":24,"column":5}}}},"branchMap":{},"s":{"0":19,"1":19,"2":19,"3":17,"4":0,"5":0,"6":1,"7":0,"8":37},"f":{"0":19,"1":17,"2":0,"3":0,"4":1,"5":0},"b":{}}
,"D:\\la-u\\ciclo 2025-2\\Proyecrto software\\tindart-back\\src\\presentation\\auth\\controller.ts": {"path":"D:\\la-u\\ciclo 2025-2\\Proyecrto software\\tindart-back\\src\\presentation\\auth\\controller.ts","statementMap":{"0":{"start":{"line":3,"column":0},"end":{"line":3,"column":68}},"1":{"start":{"line":4,"column":0},"end":{"line":4,"column":74}},"2":{"start":{"line":5,"column":0},"end":{"line":5,"column":63}},"3":{"start":{"line":10,"column":16},"end":{"line":10,"column":40}},"4":{"start":{"line":13,"column":26},"end":{"line":19,"column":5}},"5":{"start":{"line":14,"column":8},"end":{"line":16,"column":9}},"6":{"start":{"line":15,"column":12},"end":{"line":15,"column":null}},"7":{"start":{"line":17,"column":8},"end":{"line":17,"column":null}},"8":{"start":{"line":18,"column":8},"end":{"line":18,"column":null}},"9":{"start":{"line":21,"column":19},"end":{"line":29,"column":5}},"10":{"start":{"line":22,"column":8},"end":{"line":22,"column":null}},"11":{"start":{"line":22,"column":35},"end":{"line":22,"column":null}},"12":{"start":{"line":23,"column":37},"end":{"line":23,"column":69}},"13":{"start":{"line":24,"column":8},"end":{"line":24,"column":null}},"14":{"start":{"line":24,"column":19},"end":{"line":24,"column":null}},"15":{"start":{"line":26,"column":8},"end":{"line":28,"column":null}},"16":{"start":{"line":27,"column":28},"end":{"line":27,"column":42}},"17":{"start":{"line":28,"column":28},"end":{"line":28,"column":56}},"18":{"start":{"line":31,"column":16},"end":{"line":38,"column":5}},"19":{"start":{"line":32,"column":34},"end":{"line":32,"column":63}},"20":{"start":{"line":33,"column":8},"end":{"line":33,"column":null}},"21":{"start":{"line":33,"column":18},"end":{"line":33,"column":null}},"22":{"start":{"line":35,"column":8},"end":{"line":37,"column":null}},"23":{"start":{"line":36,"column":28},"end":{"line":36,"column":42}},"24":{"start":{"line":37,"column":28},"end":{"line":37,"column":56}},"25":{"start":{"line":40,"column":20},"end":{"line":46,"column":5}},"26":{"start":{"line":41,"column":24},"end":{"line":41,"column":34}},"27":{"start":{"line":42,"column":8},"end":{"line":42,"column":null}},"28":{"start":{"line":42,"column":20},"end":{"line":42,"column":null}},"29":{"start":{"line":43,"column":8},"end":{"line":45,"column":null}},"30":{"start":{"line":44,"column":24},"end":{"line":44,"column":51}},"31":{"start":{"line":45,"column":28},"end":{"line":45,"column":56}},"32":{"start":{"line":48,"column":19},"end":{"line":55,"column":5}},"33":{"start":{"line":49,"column":31},"end":{"line":49,"column":39}},"34":{"start":{"line":50,"column":8},"end":{"line":50,"column":89}},"35":{"start":{"line":50,"column":27},"end":{"line":50,"column":89}},"36":{"start":{"line":52,"column":8},"end":{"line":54,"column":null}},"37":{"start":{"line":53,"column":25},"end":{"line":53,"column":36}},"38":{"start":{"line":54,"column":28},"end":{"line":54,"column":56}},"39":{"start":{"line":8,"column":0},"end":{"line":8,"column":13}}},"fnMap":{"0":{"name":"(anonymous_0)","decl":{"start":{"line":9,"column":4},"end":{"line":9,"column":null}},"loc":{"start":{"line":10,"column":40},"end":{"line":11,"column":7}}},"1":{"name":"(anonymous_1)","decl":{"start":{"line":13,"column":26},"end":{"line":13,"column":27}},"loc":{"start":{"line":13,"column":60},"end":{"line":19,"column":5}}},"2":{"name":"(anonymous_2)","decl":{"start":{"line":21,"column":19},"end":{"line":21,"column":20}},"loc":{"start":{"line":21,"column":51},"end":{"line":29,"column":5}}},"3":{"name":"(anonymous_3)","decl":{"start":{"line":27,"column":18},"end":{"line":27,"column":19}},"loc":{"start":{"line":27,"column":28},"end":{"line":27,"column":42}}},"4":{"name":"(anonymous_4)","decl":{"start":{"line":28,"column":19},"end":{"line":28,"column":24}},"loc":{"start":{"line":28,"column":28},"end":{"line":28,"column":56}}},"5":{"name":"(anonymous_5)","decl":{"start":{"line":31,"column":16},"end":{"line":31,"column":17}},"loc":{"start":{"line":31,"column":48},"end":{"line":38,"column":5}}},"6":{"name":"(anonymous_6)","decl":{"start":{"line":36,"column":18},"end":{"line":36,"column":19}},"loc":{"start":{"line":36,"column":28},"end":{"line":36,"column":42}}},"7":{"name":"(anonymous_7)","decl":{"start":{"line":37,"column":19},"end":{"line":37,"column":24}},"loc":{"start":{"line":37,"column":28},"end":{"line":37,"column":56}}},"8":{"name":"(anonymous_8)","decl":{"start":{"line":40,"column":20},"end":{"line":40,"column":21}},"loc":{"start":{"line":40,"column":52},"end":{"line":46,"column":5}}},"9":{"name":"(anonymous_9)","decl":{"start":{"line":44,"column":18},"end":{"line":44,"column":21}},"loc":{"start":{"line":44,"column":24},"end":{"line":44,"column":51}}},"10":{"name":"(anonymous_10)","decl":{"start":{"line":45,"column":19},"end":{"line":45,"column":24}},"loc":{"start":{"line":45,"column":28},"end":{"line":45,"column":56}}},"11":{"name":"(anonymous_11)","decl":{"start":{"line":48,"column":19},"end":{"line":48,"column":20}},"loc":{"start":{"line":48,"column":51},"end":{"line":55,"column":5}}},"12":{"name":"(anonymous_12)","decl":{"start":{"line":53,"column":18},"end":{"line":53,"column":19}},"loc":{"start":{"line":53,"column":25},"end":{"line":53,"column":36}}},"13":{"name":"(anonymous_13)","decl":{"start":{"line":54,"column":19},"end":{"line":54,"column":24}},"loc":{"start":{"line":54,"column":28},"end":{"line":54,"column":56}}}},"branchMap":{"0":{"loc":{"start":{"line":14,"column":8},"end":{"line":16,"column":9}},"type":"if","locations":[{"start":{"line":14,"column":8},"end":{"line":16,"column":9}},{"start":{},"end":{}}]},"1":{"loc":{"start":{"line":18,"column":44},"end":{"line":18,"column":102}},"type":"cond-expr","locations":[{"start":{"line":18,"column":71},"end":{"line":18,"column":76}},{"start":{"line":18,"column":79},"end":{"line":18,"column":102}}]},"2":{"loc":{"start":{"line":22,"column":8},"end":{"line":22,"column":null}},"type":"if","locations":[{"start":{"line":22,"column":8},"end":{"line":22,"column":null}},{"start":{},"end":{}}]},"3":{"loc":{"start":{"line":24,"column":8},"end":{"line":24,"column":null}},"type":"if","locations":[{"start":{"line":24,"column":8},"end":{"line":24,"column":null}},{"start":{},"end":{}}]},"4":{"loc":{"start":{"line":33,"column":8},"end":{"line":33,"column":null}},"type":"if","locations":[{"start":{"line":33,"column":8},"end":{"line":33,"column":null}},{"start":{},"end":{}}]},"5":{"loc":{"start":{"line":42,"column":8},"end":{"line":42,"column":null}},"type":"if","locations":[{"start":{"line":42,"column":8},"end":{"line":42,"column":null}},{"start":{},"end":{}}]},"6":{"loc":{"start":{"line":50,"column":8},"end":{"line":50,"column":89}},"type":"if","locations":[{"start":{"line":50,"column":8},"end":{"line":50,"column":89}},{"start":{},"end":{}}]}},"s":{"0":3,"1":3,"2":3,"3":3,"4":3,"5":0,"6":0,"7":0,"8":0,"9":3,"10":1,"11":0,"12":1,"13":1,"14":0,"15":1,"16":1,"17":0,"18":3,"19":1,"20":1,"21":0,"22":1,"23":1,"24":0,"25":3,"26":1,"27":1,"28":1,"29":1,"30":1,"31":0,"32":3,"33":1,"34":1,"35":1,"36":0,"37":0,"38":0,"39":3},"f":{"0":3,"1":0,"2":1,"3":1,"4":0,"5":1,"6":1,"7":0,"8":1,"9":1,"10":0,"11":1,"12":0,"13":0},"b":{"0":[0,0],"1":[0,0],"2":[0,1],"3":[0,1],"4":[0,1],"5":[1,0],"6":[1,0]}}
,"D:\\la-u\\ciclo 2025-2\\Proyecrto software\\tindart-back\\src\\presentation\\auth\\routes.ts": {"path":"D:\\la-u\\ciclo 2025-2\\Proyecrto software\\tindart-back\\src\\presentation\\auth\\routes.ts","statementMap":{"0":{"start":{"line":1,"column":0},"end":{"line":1,"column":33}},"1":{"start":{"line":2,"column":0},"end":{"line":2,"column":41}},"2":{"start":{"line":3,"column":0},"end":{"line":3,"column":57}},"3":{"start":{"line":4,"column":0},"end":{"line":4,"column":55}},"4":{"start":{"line":5,"column":0},"end":{"line":5,"column":46}},"5":{"start":{"line":13,"column":19},"end":{"line":13,"column":27}},"6":{"start":{"line":15,"column":25},"end":{"line":19,"column":null}},"7":{"start":{"line":22,"column":24},"end":{"line":22,"column":53}},"8":{"start":{"line":23,"column":27},"end":{"line":23,"column":58}},"9":{"start":{"line":25,"column":4},"end":{"line":25,"column":77}},"10":{"start":{"line":25,"column":40},"end":{"line":25,"column":74}},"11":{"start":{"line":26,"column":4},"end":{"line":26,"column":83}},"12":{"start":{"line":26,"column":44},"end":{"line":26,"column":81}},"13":{"start":{"line":27,"column":4},"end":{"line":27,"column":96}},"14":{"start":{"line":27,"column":56},"end":{"line":27,"column":94}},"15":{"start":{"line":28,"column":4},"end":{"line":28,"column":null}},"16":{"start":{"line":31,"column":4},"end":{"line":31,"column":18}},"17":{"start":{"line":8,"column":0},"end":{"line":8,"column":13}}},"fnMap":{"0":{"name":"(anonymous_0)","decl":{"start":{"line":11,"column":2},"end":{"line":11,"column":8}},"loc":{"start":{"line":11,"column":19},"end":{"line":32,"column":3}}},"1":{"name":"(anonymous_1)","decl":{"start":{"line":25,"column":26},"end":{"line":25,"column":27}},"loc":{"start":{"line":25,"column":40},"end":{"line":25,"column":74}}},"2":{"name":"(anonymous_2)","decl":{"start":{"line":26,"column":30},"end":{"line":26,"column":31}},"loc":{"start":{"line":26,"column":44},"end":{"line":26,"column":81}}},"3":{"name":"(anonymous_3)","decl":{"start":{"line":27,"column":42},"end":{"line":27,"column":43}},"loc":{"start":{"line":27,"column":56},"end":{"line":27,"column":94}}}},"branchMap":{},"s":{"0":2,"1":2,"2":2,"3":2,"4":2,"5":2,"6":2,"7":2,"8":2,"9":2,"10":0,"11":2,"12":0,"13":2,"14":0,"15":2,"16":2,"17":2},"f":{"0":2,"1":0,"2":0,"3":0},"b":{}}
,"D:\\la-u\\ciclo 2025-2\\Proyecrto software\\tindart-back\\src\\presentation\\chat\\controller.ts": {"path":"D:\\la-u\\ciclo 2025-2\\Proyecrto software\\tindart-back\\src\\presentation\\chat\\controller.ts","statementMap":{"0":{"start":{"line":2,"column":0},"end":{"line":2,"column":63}},"1":{"start":{"line":4,"column":0},"end":{"line":4,"column":86}},"2":{"start":{"line":7,"column":24},"end":{"line":7,"column":44}},"3":{"start":{"line":9,"column":26},"end":{"line":17,"column":5}},"4":{"start":{"line":10,"column":8},"end":{"line":12,"column":9}},"5":{"start":{"line":11,"column":12},"end":{"line":11,"column":79}},"6":{"start":{"line":13,"column":8},"end":{"line":13,"column":29}},"7":{"start":{"line":14,"column":8},"end":{"line":16,"column":11}},"8":{"start":{"line":19,"column":29},"end":{"line":25,"column":5}},"9":{"start":{"line":20,"column":8},"end":{"line":20,"column":96}},"10":{"start":{"line":20,"column":41},"end":{"line":20,"column":96}},"11":{"start":{"line":21,"column":23},"end":{"line":21,"column":51}},"12":{"start":{"line":22,"column":8},"end":{"line":24,"column":null}},"13":{"start":{"line":23,"column":25},"end":{"line":23,"column":48}},"14":{"start":{"line":24,"column":26},"end":{"line":24,"column":50}},"15":{"start":{"line":27,"column":25},"end":{"line":38,"column":5}},"16":{"start":{"line":28,"column":8},"end":{"line":28,"column":96}},"17":{"start":{"line":28,"column":41},"end":{"line":28,"column":96}},"18":{"start":{"line":29,"column":26},"end":{"line":29,"column":54}},"19":{"start":{"line":30,"column":26},"end":{"line":30,"column":51}},"20":{"start":{"line":31,"column":8},"end":{"line":31,"column":106}},"21":{"start":{"line":31,"column":58},"end":{"line":31,"column":106}},"22":{"start":{"line":33,"column":29},"end":{"line":33,"column":81}},"23":{"start":{"line":34,"column":8},"end":{"line":34,"column":55}},"24":{"start":{"line":34,"column":19},"end":{"line":34,"column":55}},"25":{"start":{"line":35,"column":8},"end":{"line":37,"column":null}},"26":{"start":{"line":36,"column":25},"end":{"line":36,"column":48}},"27":{"start":{"line":37,"column":26},"end":{"line":37,"column":50}},"28":{"start":{"line":40,"column":18},"end":{"line":46,"column":5}},"29":{"start":{"line":41,"column":8},"end":{"line":41,"column":117}},"30":{"start":{"line":41,"column":54},"end":{"line":41,"column":117}},"31":{"start":{"line":42,"column":31},"end":{"line":42,"column":64}},"32":{"start":{"line":43,"column":8},"end":{"line":45,"column":null}},"33":{"start":{"line":44,"column":25},"end":{"line":44,"column":48}},"34":{"start":{"line":45,"column":26},"end":{"line":45,"column":50}},"35":{"start":{"line":48,"column":18},"end":{"line":53,"column":5}},"36":{"start":{"line":49,"column":22},"end":{"line":49,"column":38}},"37":{"start":{"line":50,"column":8},"end":{"line":52,"column":null}},"38":{"start":{"line":51,"column":25},"end":{"line":51,"column":48}},"39":{"start":{"line":52,"column":26},"end":{"line":52,"column":50}},"40":{"start":{"line":6,"column":0},"end":{"line":6,"column":13}}},"fnMap":{"0":{"name":"(anonymous_0)","decl":{"start":{"line":7,"column":4},"end":{"line":7,"column":24}},"loc":{"start":{"line":7,"column":44},"end":{"line":7,"column":48}}},"1":{"name":"(anonymous_1)","decl":{"start":{"line":9,"column":26},"end":{"line":9,"column":27}},"loc":{"start":{"line":9,"column":60},"end":{"line":17,"column":5}}},"2":{"name":"(anonymous_2)","decl":{"start":{"line":19,"column":29},"end":{"line":19,"column":30}},"loc":{"start":{"line":19,"column":61},"end":{"line":25,"column":5}}},"3":{"name":"(anonymous_3)","decl":{"start":{"line":23,"column":18},"end":{"line":23,"column":19}},"loc":{"start":{"line":23,"column":25},"end":{"line":23,"column":48}}},"4":{"name":"(anonymous_4)","decl":{"start":{"line":24,"column":19},"end":{"line":24,"column":20}},"loc":{"start":{"line":24,"column":26},"end":{"line":24,"column":50}}},"5":{"name":"(anonymous_5)","decl":{"start":{"line":27,"column":25},"end":{"line":27,"column":26}},"loc":{"start":{"line":27,"column":57},"end":{"line":38,"column":5}}},"6":{"name":"(anonymous_6)","decl":{"start":{"line":36,"column":18},"end":{"line":36,"column":19}},"loc":{"start":{"line":36,"column":25},"end":{"line":36,"column":48}}},"7":{"name":"(anonymous_7)","decl":{"start":{"line":37,"column":19},"end":{"line":37,"column":20}},"loc":{"start":{"line":37,"column":26},"end":{"line":37,"column":50}}},"8":{"name":"(anonymous_8)","decl":{"start":{"line":40,"column":18},"end":{"line":40,"column":19}},"loc":{"start":{"line":40,"column":50},"end":{"line":46,"column":5}}},"9":{"name":"(anonymous_9)","decl":{"start":{"line":44,"column":18},"end":{"line":44,"column":19}},"loc":{"start":{"line":44,"column":25},"end":{"line":44,"column":48}}},"10":{"name":"(anonymous_10)","decl":{"start":{"line":45,"column":19},"end":{"line":45,"column":20}},"loc":{"start":{"line":45,"column":26},"end":{"line":45,"column":50}}},"11":{"name":"(anonymous_11)","decl":{"start":{"line":48,"column":18},"end":{"line":48,"column":19}},"loc":{"start":{"line":48,"column":50},"end":{"line":53,"column":5}}},"12":{"name":"(anonymous_12)","decl":{"start":{"line":51,"column":18},"end":{"line":51,"column":19}},"loc":{"start":{"line":51,"column":25},"end":{"line":51,"column":48}}},"13":{"name":"(anonymous_13)","decl":{"start":{"line":52,"column":19},"end":{"line":52,"column":20}},"loc":{"start":{"line":52,"column":26},"end":{"line":52,"column":50}}}},"branchMap":{"0":{"loc":{"start":{"line":10,"column":8},"end":{"line":12,"column":9}},"type":"if","locations":[{"start":{"line":10,"column":8},"end":{"line":12,"column":9}},{"start":{},"end":{}}]},"1":{"loc":{"start":{"line":15,"column":19},"end":{"line":15,"column":78}},"type":"cond-expr","locations":[{"start":{"line":15,"column":47},"end":{"line":15,"column":52}},{"start":{"line":15,"column":55},"end":{"line":15,"column":78}}]},"2":{"loc":{"start":{"line":20,"column":8},"end":{"line":20,"column":96}},"type":"if","locations":[{"start":{"line":20,"column":8},"end":{"line":20,"column":96}},{"start":{},"end":{}}]},"3":{"loc":{"start":{"line":28,"column":8},"end":{"line":28,"column":96}},"type":"if","locations":[{"start":{"line":28,"column":8},"end":{"line":28,"column":96}},{"start":{},"end":{}}]},"4":{"loc":{"start":{"line":31,"column":8},"end":{"line":31,"column":106}},"type":"if","locations":[{"start":{"line":31,"column":8},"end":{"line":31,"column":106}},{"start":{},"end":{}}]},"5":{"loc":{"start":{"line":31,"column":12},"end":{"line":31,"column":56}},"type":"binary-expr","locations":[{"start":{"line":31,"column":12},"end":{"line":31,"column":35}},{"start":{"line":31,"column":39},"end":{"line":31,"column":56}}]},"6":{"loc":{"start":{"line":34,"column":8},"end":{"line":34,"column":55}},"type":"if","locations":[{"start":{"line":34,"column":8},"end":{"line":34,"column":55}},{"start":{},"end":{}}]},"7":{"loc":{"start":{"line":41,"col
[...]
,"D:\\la-u\\ciclo 2025-2\\Proyecrto software\\tindart-back\\src\\presentation\\socket\\chat.socket.ts": {"path":"D:\\la-u\\ciclo 2025-2\\Proyecrto software\\tindart-back\\src\\presentation\\socket\\chat.socket.ts","statementMap":{"0":{"start":{"line":2,"column":0},"end":{"line":2,"column":55}},"1":{"start":{"line":3,"column":0},"end":{"line":3,"column":76}},"2":{"start":{"line":6,"column":20},"end":{"line":6,"column":37}},"3":{"start":{"line":49,"column":36},"end":{"line":167,"column":1}},"4":{"start":{"line":50,"column":4},"end":{"line":166,"column":7}},"5":{"start":{"line":51,"column":21},"end":{"line":51,"column":32}},"6":{"start":{"line":52,"column":8},"end":{"line":52,"column":26}},"7":{"start":{"line":52,"column":19},"end":{"line":52,"column":26}},"8":{"start":{"line":54,"column":23},"end":{"line":54,"column":30}},"9":{"start":{"line":56,"column":8},"end":{"line":56,"column":38}},"10":{"start":{"line":59,"column":30},"end":{"line":59,"column":78}},"11":{"start":{"line":60,"column":8},"end":{"line":62,"column":11}},"12":{"start":{"line":61,"column":12},"end":{"line":61,"column":51}},"13":{"start":{"line":67,"column":8},"end":{"line":83,"column":10}},"14":{"start":{"line":70,"column":16},"end":{"line":81,"column":17}},"15":{"start":{"line":71,"column":41},"end":{"line":71,"column":73}},"16":{"start":{"line":72,"column":20},"end":{"line":72,"column":54}},"17":{"start":{"line":72,"column":31},"end":{"line":72,"column":54}},"18":{"start":{"line":74,"column":36},"end":{"line":74,"column":71}},"19":{"start":{"line":76,"column":20},"end":{"line":76,"column":132}},"20":{"start":{"line":78,"column":20},"end":{"line":78,"column":52}},"21":{"start":{"line":80,"column":20},"end":{"line":80,"column":64}},"22":{"start":{"line":88,"column":8},"end":{"line":105,"column":10}},"23":{"start":{"line":94,"column":16},"end":{"line":103,"column":17}},"24":{"start":{"line":95,"column":37},"end":{"line":98,"column":null}},"25":{"start":{"line":100,"column":20},"end":{"line":100,"column":53}},"26":{"start":{"line":102,"column":20},"end":{"line":102,"column":64}},"27":{"start":{"line":110,"column":8},"end":{"line":125,"column":10}},"28":{"start":{"line":113,"column":16},"end":{"line":123,"column":17}},"29":{"start":{"line":114,"column":32},"end":{"line":114,"column":84}},"30":{"start":{"line":116,"column":20},"end":{"line":120,"column":23}},"31":{"start":{"line":122,"column":20},"end":{"line":122,"column":39}},"32":{"start":{"line":130,"column":8},"end":{"line":132,"column":11}},"33":{"start":{"line":131,"column":12},"end":{"line":131,"column":91}},"34":{"start":{"line":137,"column":8},"end":{"line":142,"column":10}},"35":{"start":{"line":140,"column":16},"end":{"line":140,"column":62}},"36":{"start":{"line":147,"column":8},"end":{"line":161,"column":10}},"37":{"start":{"line":150,"column":16},"end":{"line":159,"column":17}},"38":{"start":{"line":151,"column":20},"end":{"line":151,"column":65}},"39":{"start":{"line":153,"column":20},"end":{"line":156,"column":23}},"40":{"start":{"line":158,"column":20},"end":{"line":158,"column":39}},"41":{"start":{"line":163,"column":8},"end":{"line":165,"column":11}},"42":{"start":{"line":164,"column":12},"end":{"line":164,"column":55}},"43":{"start":{"line":49,"column":13},"end":{"line":49,"column":36}}},"fnMap":{"0":{"name":"(anonymous_0)","decl":{"start":{"line":49,"column":36},"end":{"line":49,"column":37}},"loc":{"start":{"line":49,"column":51},"end":{"line":167,"column":1}}},"1":{"name":"(anonymous_1)","decl":{"start":{"line":50,"column":24},"end":{"line":50,"column":29}},"loc":{"start":{"line":50,"column":41},"end":{"line":166,"column":5}}},"2":{"name":"(anonymous_2)","decl":{"start":{"line":60,"column":30},"end":{"line":60,"column":31}},"loc":{"start":{"line":60,"column":39},"end":{"line":62,"column":9}}},"3":{"name":"(anonymous_3)","decl":{"start":{"line":69,"column":12},"end":{"line":69,"column":17}},"loc":{"start":{"line":69,"column":81},"end":{"line":82,"column":13}}},"4":{"name":"(anonymous_4)","decl":{"start":{"line":90,"column":12},"end":{"line":90,"column":17}},"loc":{"start":{"line":93,"column":16},"end":{"line":104,"column":13}}},"5":{"name":"(anonymous_5)","decl":{"start":{"line":112,"column":12},"end":{"line":112,"column":17}},"loc":{"start":{"line":112,"column":58},"end":{"line":124,"column":13}}},"6":{"name":"(anonymous_6)","decl":{"start":{"line":130,"column":28},"end":{"line":130,"column":29}},"loc":{"start":{"line":130,"column":66},"end":{"line":132,"column":9}}},"7":{"name":"(anonymous_7)","decl":{"start":{"line":139,"column":12},"end":{"line":139,"column":13}},"loc":{"start":{"line":139,"column":60},"end":{"line":141,"column":13}}},"8":{"name":"(anonymous_8)","decl":{"start":{"line":149,"column":12},"end":{"line":149,"column":17}},"loc":{"start":{"line":149,"column":54},"end":{"line":160,"column":13}}},"9":{"name":"(anonymous_9)","decl":{"start":{"line":163,"column":32},"end":{"line":163,"column":35}},"loc":{"start":{"line":163,"column":37},"end":{"line":165,"column":9}}}},"branchMap":{"0":{"loc":{"start":{"line":52,"column":8},"end":{"line":52,"column":26}},"type":"if","locations":[{"start":{"line":52,"column":8},"end":{"line":52,"column":26}},{"start":{},"end":{}}]},"1":{"loc":{"start":{"line":72,"column":20},"end":{"line":72,"column":54}},"type":"if","locations":[{"start":{"line":72,"column":20},"end":{"line":72,"column":54}},{"start":{},"end":{}}]},"2":{"loc":{"start":{"line":76,"column":106},"end":{"line":76,"column":128}},"type":"binary-expr","locations":[{"start":{"line":76,"column":106},"end":{"line":76,"column":120}},{"start":{"line":76,"column":124},"end":{"line":76,"column":128}}]}},"s":{"0":1,"1":1,"2":1,"3":1,"4":1,"5":0,"6":0,"7":0,"8":0,"9":0,"10":0,"11":0,"12":0,"13":0,"14":0,"15":0,"16":0,"17":0,"18":0,"19":0,"20":0,"21":0,"22":0,"23":0,"24":0,"25":0,"26":0,"27":0,"28":0,"29":0,"30":0,"31":0,"32":0,"33":0,"34":0,"35":0,"36":0,"37":0,"38":0,"39":0,"40":0,"41":0,"42":0,"43":1},"f":{"0":1,"1":0,"2":0,"3":0,"4":0,"5":0,"6":0,"7":0,"8":0,"9":0},"b":{"0":[0,0],"1":[0,0],"2":[0,0]}}
,"D:\\la-u\\ciclo 2025-2\\Proyecrto software\\tindart-back\\src\\presentation\\socket\\socket.ts": {"path":"D:\\la-u\\ciclo 2025-2\\Proyecrto software\\tindart-back\\src\\presentation\\socket\\socket.ts","statementMap":{"0":{"start":{"line":3,"column":0},"end":{"line":3,"column":35}},"1":{"start":{"line":4,"column":0},"end":{"line":4,"column":52}},"2":{"start":{"line":5,"column":0},"end":{"line":5,"column":53}},"3":{"start":{"line":6,"column":0},"end":{"line":6,"column":54}},"4":{"start":{"line":7,"column":0},"end":{"line":7,"column":45}},"5":{"start":{"line":8,"column":0},"end":{"line":8,"column":64}},"6":{"start":{"line":12,"column":27},"end":{"line":49,"column":1}},"7":{"start":{"line":13,"column":4},"end":{"line":18,"column":7}},"8":{"start":{"line":21,"column":4},"end":{"line":43,"column":7}},"9":{"start":{"line":22,"column":8},"end":{"line":42,"column":9}},"10":{"start":{"line":24,"column":16},"end":{"line":25,"column":45}},"11":{"start":{"line":27,"column":12},"end":{"line":27,"column":68}},"12":{"start":{"line":27,"column":24},"end":{"line":27,"column":68}},"13":{"start":{"line":29,"column":28},"end":{"line":29,"column":81}},"14":{"start":{"line":30,"column":12},"end":{"line":30,"column":66}},"15":{"start":{"line":30,"column":26},"end":{"line":30,"column":66}},"16":{"start":{"line":32,"column":25},"end":{"line":34,"column":14}},"17":{"start":{"line":35,"column":12},"end":{"line":35,"column":63}},"18":{"start":{"line":35,"column":23},"end":{"line":35,"column":63}},"19":{"start":{"line":37,"column":13},"end":{"line":37,"column":63}},"20":{"start":{"line":38,"column":12},"end":{"line":38,"column":19}},"21":{"start":{"line":40,"column":12},"end":{"line":40,"column":31}},"22":{"start":{"line":41,"column":12},"end":{"line":41,"column":42}},"23":{"start":{"line":46,"column":4},"end":{"line":46,"column":29}},"24":{"start":{"line":48,"column":4},"end":{"line":48,"column":14}},"25":{"start":{"line":12,"column":13},"end":{"line":12,"column":27}}},"fnMap":{"0":{"name":"(anonymous_0)","decl":{"start":{"line":12,"column":27},"end":{"line":12,"column":28}},"loc":{"start":{"line":12,"column":50},"end":{"line":49,"column":1}}},"1":{"name":"(anonymous_1)","decl":{"start":{"line":21,"column":11},"end":{"line":21,"column":16}},"loc":{"start":{"line":21,"column":34},"end":{"line":43,"column":5}}}},"branchMap":{"0":{"loc":{"start":{"line":24,"column":16},"end":{"line":25,"column":45}},"type":"binary-expr","locations":[{"start":{"line":24,"column":16},"end":{"line":24,"column":44}},{"start":{"line":25,"column":16},"end":{"line":25,"column":45}}]},"1":{"loc":{"start":{"line":27,"column":12},"end":{"line":27,"column":68}},"type":"if","locations":[{"start":{"line":27,"column":12},"end":{"line":27,"column":68}},{"start":{},"end":{}}]},"2":{"loc":{"start":{"line":30,"column":12},"end":{"line":30,"column":66}},"type":"if","locations":[{"start":{"line":30,"column":12},"end":{"line":30,"column":66}},{"start":{},"end":{}}]},"3":{"loc":{"start":{"line":35,"column":12},"end":{"line":35,"column":63}},"type":"if","locations":[{"start":{"line":35,"column":12},"end":{"line":35,"column":63}},{"start":{},"end":{}}]}},"s":{"0":1,"1":1,"2":1,"3":1,"4":1,"5":1,"6":1,"7":1,"8":1,"9":0,"10":0,"11":0,"12":0,"13":0,"14":0,"15":0,"16":0,"17":0,"18":0,"19":0,"20":0,"21":0,"22":0,"23":1,"24":1,"25":1},"f":{"0":1,"1":0},"b":{"0":[0,0],"1":[0,0],"2":[0,0],"3":[0,0]}}
,"D:\\la-u\\ciclo 2025-2\\Proyecrto software\\tindart-back\\src\\presentation\\whiteboard\\controller.ts": {"path":"D:\\la-u\\ciclo 2025-2\\Proyecrto software\\tindart-back\\src\\presentation\\whiteboard\\controller.ts","statementMap":{"0":{"start":{"line":3,"column":0},"end":{"line":3,"column":63}},"1":{"start":{"line":4,"column":0},"end":{"line":4,"column":88}},"2":{"start":{"line":5,"column":0},"end":{"line":5,"column":88}},"3":{"start":{"line":7,"column":24},"end":{"line":7,"column":60}},"4":{"start":{"line":9,"column":26},"end":{"line":17,"column":5}},"5":{"start":{"line":10,"column":8},"end":{"line":12,"column":9}},"6":{"start":{"line":11,"column":12},"end":{"line":11,"column":79}},"7":{"start":{"line":13,"column":8},"end":{"line":13,"column":29}},"8":{"start":{"line":14,"column":8},"end":{"line":16,"column":11}},"9":{"start":{"line":19,"column":28},"end":{"line":26,"column":5}},"10":{"start":{"line":20,"column":22},"end":{"line":20,"column":38}},"11":{"start":{"line":21,"column":8},"end":{"line":21,"column":107}},"12":{"start":{"line":21,"column":60},"end":{"line":21,"column":107}},"13":{"start":{"line":23,"column":8},"end":{"line":25,"column":null}},"14":{"start":{"line":24,"column":25},"end":{"line":24,"column":48}},"15":{"start":{"line":25,"column":26},"end":{"line":25,"column":50}},"16":{"start":{"line":27,"column":25},"end":{"line":34,"column":5}},"17":{"start":{"line":28,"column":19},"end":{"line":28,"column":32}},"18":{"start":{"line":29,"column":8},"end":{"line":29,"column":104}},"19":{"start":{"line":29,"column":53},"end":{"line":29,"column":104}},"20":{"start":{"line":31,"column":8},"end":{"line":33,"column":null}},"21":{"start":{"line":32,"column":25},"end":{"line":32,"column":48}},"22":{"start":{"line":33,"column":26},"end":{"line":33,"column":50}},"23":{"start":{"line":36,"column":30},"end":{"line":44,"column":5}},"24":{"start":{"line":37,"column":22},"end":{"line":37,"column":38}},"25":{"start":{"line":38,"column":8},"end":{"line":38,"column":88}},"26":{"start":{"line":38,"column":41},"end":{"line":38,"column":88}},"27":{"start":{"line":39,"column":29},"end":{"line":39,"column":87}},"28":{"start":{"line":40,"column":8},"end":{"line":40,"column":null}},"29":{"start":{"line":40,"column":19},"end":{"line":40,"column":null}},"30":{"start":{"line":41,"column":8},"end":{"line":43,"column":null}},"31":{"start":{"line":42,"column":25},"end":{"line":42,"column":48}},"32":{"start":{"line":43,"column":26},"end":{"line":43,"column":50}},"33":{"start":{"line":45,"column":30},"end":{"line":58,"column":5}},"34":{"start":{"line":46,"column":19},"end":{"line":46,"column":32}},"35":{"start":{"line":47,"column":8},"end":{"line":47,"column":104}},"36":{"start":{"line":47,"column":53},"end":{"line":47,"column":104}},"37":{"start":{"line":49,"column":22},"end":{"line":49,"column":38}},"38":{"start":{"line":50,"column":8},"end":{"line":50,"column":88}},"39":{"start":{"line":50,"column":41},"end":{"line":50,"column":88}},"40":{"start":{"line":52,"column":29},"end":{"line":52,"column":87}},"41":{"start":{"line":53,"column":8},"end":{"line":53,"column":55}},"42":{"start":{"line":53,"column":19},"end":{"line":53,"column":55}},"43":{"start":{"line":55,"column":8},"end":{"line":57,"column":null}},"44":{"start":{"line":56,"column":25},"end":{"line":56,"column":48}},"45":{"start":{"line":57,"column":26},"end":{"line":57,"column":50}},"46":{"start":{"line":6,"column":0},"end":{"line":6,"column":13}}},"fnMap":{"0":{"name":"(anonymous_0)","decl":{"start":{"line":7,"column":4},"end":{"line":7,"column":24}},"loc":{"start":{"line":7,"column":60},"end":{"line":7,"column":64}}},"1":{"name":"(anonymous_1)","decl":{"start":{"line":9,"column":26},"end":{"line":9,"column":27}},"loc":{"start":{"line":9,"column":60},"end":{"line":17,"column":5}}},"2":{"name":"(anonymous_2)","decl":{"start":{"line":19,"column":28},"end":{"line":19,"column":29}},"loc":{"start":{"line":19,"column":60},"end":{"line":26,"column":5}}},"3":{"name":"(anonymous_3)","decl":{"start":{"line":24,"column":18},"end":{"line":24,"column":19}},"loc":{"start":{"line":24,"column":25},"end":{"line":24,"column":48}}},"4":{"name":"(anonymous_4)","decl":{"start":{"line":25,"column":19},"end":{"line":25,"column":20}},"loc":{"start":{"line":25,"column":26},"end":{"line":25,"column":50}}},"5":{"name":"(anonymous_5)","decl":{"start":{"line":27,"column":25},"end":{"line":27,"column":26}},"loc":{"start":{"line":27,"column":57},"end":{"line":34,"column":5}}},"6":{"name":"(anonymous_6)","decl":{"start":{"line":32,"column":18},"end":{"line":32,"column":19}},"loc":{"start":{"line":32,"column":25},"end":{"line":32,"column":48}}},"7":{"name":"(anonymous_7)","decl":{"start":{"line":33,"column":19},"end":{"line":33,"column":20}},"loc":{"start":{"line":33,"column":26},"end":{"line":33,"column":50}}},"8":{"name":"(anonymous_8)","decl":{"start":{"line":36,"column":30},"end":{"line":36,"column":31}},"loc":{"start":{"line":36,"column":62},"end":{"line":44,"column":5}}},"9":{"name":"(anonymous_9)","decl":{"start":{"line":42,"column":18},"end":{"line":42,"column":19}},"loc":{"start":{"line":42,"column":25},"end":{"line":42,"column":48}}},"10":{"name":"(anonymous_10)","decl":{"start":{"line":43,"column":19},"end":{"line":43,"column":20}},"loc":{"start":{"line":43,"column":26},"end":{"line":43,"column":50}}},"11":{"name":"(anonymous_11)","decl":{"start":{"line":45,"column":30},"end":{"line":45,"column":31}},"loc":{"start":{"line":45,"column":62},"end":{"line":58,"column":5}}},"12":{"name":"(anonymous_12)","decl":{"start":{"line":56,"column":18},"end":{"line":56,"column":19}},"loc":{"start":{"line":56,"column":25},"end":{"line":56,"column":48}}},"13":{"name":"(anonymous_13)","decl":{"start":{"line":57,"column":19},"end":{"line":57,"column":20}},"loc":{"start":{"line":57,"column":26},"end":{"line":57,"column":50}}}},"branchMap":{"0":{"loc":{"start":{"line":10,"column":8},"end":{"line":12,"column":9}},"type":"if","locations":[{"start":{"line":10,"column":8},"end":{"line":12,"column":9}},{"start":{},"end":{}}]},"1":{"loc":{"start":{"line":15,"column":19},"end":{"line":15,"column":78}},"type":"cond-expr","locations":[{"start":{"line":15,"column":47},"end":{"line":15,"column":52}},{"start":{"line":15,"column":55},"end":{"line":15,"column":78}}]},"2":{"loc":{"start":{"line":21,"column":8},"end":{"line":21,"column":107}},"type":"if","locations":[{"start":{"line":21,"column":8},"end":{"line":21,"column":107}},{"start":{},"end":{}}]},"3":{"loc":{"start":{"line":21,"column":12},"end":{"line":21,"column":58}},"type":"binary-expr","locations":[{"start":{"line":21,"column":12},"end":{"line":21,"column":39}},{"start":{"line":21,"column":43},"end":{"line":21,"column":58}}]},"4":{"loc":{"start":{"line":29,"column":8},"end":{"line":29,"column":104}},"type":"if","locations":[{"start":{"line":29,"column":8},"end":{"line":29,"column":104}},{"start":{},"end":{}}]},"5":{"loc":{"start":{"line":29,"column":12},"end":{"line":29,"column":51}},"type":"binary-expr","locations":[{"start":{"line":29,"column":12},"end":{"line":29,"column":37}},{"start":{"line":29,"column":41},"end":{"line":29,"column":51}}]},"6":{"loc":{"start":{"line":38,"column":8},"end":{"line":38,"column":88}},"type":"if","locations":[{"start":{"line":38,"column":8},"end":{"line":38,"column":88}},{"start":{},"end":{}}]},"7":{"loc":{"start":{"line":40,"column":8},"end":{"line":40,"column":null}},"type":"if","locations":[{"start":{"line":40,"column":8},"end":{"line":40,"column":null}},{"start":{},"end":{}}]},"8":{"loc":{"start":{"line":47,"column":8},"end":{"line":47,"column":104}},"type":"if","locations":[{"start":{"line":47,"column":8},"end":{"line":47,"column":104}},{"start":{},"end":{}}]},"9":{"loc":{"start":{"line":47,"column":12},"end":{"line":47,"column":51}},"type":"binary-expr","locations":[{"start":{"line":47,"column":12},"end":{"line":47,"column":37}},{"start":{"line":47,"column":41},"end":{"line":47,"column":51}}]},"10":{"loc":{"start":{"line":50,"column":8},"end":{"line":50,"column":88}},"type":"if","locations":[{"start":{"line":50,"column":8},"end":{"line":50,"column":88}},{"start":{},"end":{}}]},"11":{"loc":{"start":{"line":53,"column":8},"end":{"line":53,"column":55}},"type":"if","locations":[{"start":{"line":53,"column":8},"end":{"line":53,"column":55}},{"start":{},"end":{}}]}},"s":{"0":3,"1":3,"2":3,"3":3,"4":3,"5":1,"6":0,"7":1,"8":1,"9":3,"10":1,"11":1,"12":0,"13":1,"14":1,"15":0,"16":3,"17":1,"18":1,"19":1,"20":0,"21":0,"22":0,"23":3,"24":0,"25":0,"26":0,"27":0,"28":0,"29":0,"30":0,"31":0,"32":0,"33":3,"34":0,"35":0,"36":0,"37":0,"38":0,"39":0,"40":0,"41":0,"42":0,"43":0,"44":0,"45":0,"46":3},"f":{"0":3,"1":1,"2":1,"3":1,"4":0,"5":1,"6":0,"7":0,"8":0,"9":0,"10":0,"11":0,"12":0,"13":0},"b":{"0":[0,1],"1":[1,0],"2":[0,1],"3":[1,1],"4":[1,0],"5":[1,1],"6":[0,0],"7":[0,0],"8":[0,0],"9":[0,0],"10":[0,0],"11":[0,0]}}
,"D:\\la-u\\ciclo 2025-2\\Proyecrto software\\tindart-back\\src\\presentation\\whiteboard\\routes.ts": {"path":"D:\\la-u\\ciclo 2025-2\\Proyecrto software\\tindart-back\\src\\presentation\\whiteboard\\routes.ts","statementMap":{"0":{"start":{"line":1,"column":0},"end":{"line":1,"column":33}},"1":{"start":{"line":2,"column":0},"end":{"line":2,"column":67}},"2":{"start":{"line":3,"column":0},"end":{"line":3,"column":52}},"3":{"start":{"line":4,"column":0},"end":{"line":4,"column":64}},"4":{"start":{"line":8,"column":23},"end":{"line":8,"column":31}},"5":{"start":{"line":9,"column":24},"end":{"line":9,"column":47}},"6":{"start":{"line":10,"column":27},"end":{"line":10,"column":60}},"7":{"start":{"line":11,"column":8},"end":{"line":11,"column":null}},"8":{"start":{"line":12,"column":8},"end":{"line":12,"column":null}},"9":{"start":{"line":13,"column":8},"end":{"line":13,"column":null}},"10":{"start":{"line":14,"column":8},"end":{"line":14,"column":null}},"11":{"start":{"line":15,"column":8},"end":{"line":15,"column":null}},"12":{"start":{"line":6,"column":0},"end":{"line":6,"column":13}}},"fnMap":{"0":{"name":"(anonymous_0)","decl":{"start":{"line":7,"column":4},"end":{"line":7,"column":10}},"loc":{"start":{"line":7,"column":21},"end":{"line":16,"column":5}}}},"branchMap":{},"s":{"0":2,"1":2,"2":2,"3":2,"4":2,"5":2,"6":2,"7":2,"8":2,"9":2,"10":2,"11":2,"12":2},"f":{"0":2},"b":{}}
}
