TN:
SF:src\app.ts
FN:6,(anonymous_0)
FN:11,main
FNF:2
FNH:2
FNDA:1,(anonymous_0)
FNDA:1,main
DA:1,1
DA:2,1
DA:3,1
DA:4,1
DA:6,1
DA:7,1
DA:12,1
DA:17,1
DA:18,1
DA:19,0
DA:21,1
LF:11
LH:10
BRDA:18,0,0,0
BRDA:18,0,1,1
BRF:2
BRH:1
end_of_record
TN:
SF:src\routes.ts
FN:13,(anonymous_0)
FNF:1
FNH:1
FNDA:1,(anonymous_0)
DA:1,1
DA:2,1
DA:3,1
DA:4,1
DA:5,1
DA:6,1
DA:7,1
DA:10,1
DA:14,1
DA:15,1
DA:17,1
DA:18,1
DA:19,1
DA:20,1
DA:21,1
DA:22,1
DA:23,1
LF:17
LH:17
BRF:0
BRH:0
end_of_record
TN:
SF:src\config\bcrypt.adapter.ts
FN:4,(anonymous_0)
FN:9,(anonymous_1)
FNF:2
FNH:2
FNDA:2,(anonymous_0)
FNDA:2,(anonymous_1)
DA:1,2
DA:3,2
DA:5,2
DA:6,2
DA:10,2
LF:5
LH:5
BRF:0
BRH:0
end_of_record
TN:
SF:src\config\cors.config.ts
FNF:0
FNH:0
DA:1,2
LF:1
LH:1
BRF:0
BRH:0
end_of_record
TN:
SF:src\config\envs.ts
FNF:0
FNH:0
DA:2,19
DA:3,19
DA:5,19
LF:3
LH:3
BRF:0
BRH:0
end_of_record
TN:
SF:src\config\jwt.adapter.ts
FN:9,(anonymous_1)
FN:10,(anonymous_2)
FN:11,(anonymous_3)
FN:17,(anonymous_4)
FN:18,(anonymous_5)
FN:19,(anonymous_6)
FN:26,(anonymous_7)
FN:27,(anonymous_8)
FN:28,(anonymous_9)
FN:35,(anonymous_10)
FN:36,(anonymous_11)
FN:37,(anonymous_12)
FNF:12
FNH:12
FNDA:1,(anonymous_1)
FNDA:1,(anonymous_2)
FNDA:1,(anonymous_3)
FNDA:1,(anonymous_4)
FNDA:1,(anonymous_5)
FNDA:1,(anonymous_6)
FNDA:2,(anonymous_7)
FNDA:2,(anonymous_8)
FNDA:2,(anonymous_9)
FNDA:1,(anonymous_10)
FNDA:1,(anonymous_11)
FNDA:1,(anonymous_12)
DA:1,5
DA:2,5
DA:5,5
DA:6,5
DA:8,5
DA:10,1
DA:11,1
DA:12,1
DA:13,1
DA:18,1
DA:19,1
DA:20,1
DA:21,1
DA:27,2
DA:28,2
DA:29,2
DA:30,1
DA:36,1
DA:37,1
DA:38,1
DA:39,1
LF:21
LH:21
BRDA:9,0,0,0
BRDA:12,1,0,0
BRDA:12,1,1,1
BRDA:17,2,0,0
BRDA:20,3,0,0
BRDA:20,3,1,1
BRDA:29,4,0,1
BRDA:29,4,1,1
BRDA:38,5,0,0
BRDA:38,5,1,1
BRF:10
BRH:5
end_of_record
TN:
SF:src\config\mimeTypes.ts
FNF:0
FNH:0
DA:1,6
LF:1
LH:1
BRF:0
BRH:0
end_of_record
TN:
SF:src\config\regular-exp.ts
FNF:0
FNH:0
DA:1,6
LF:1
LH:1
BRF:0
BRH:0
end_of_record
TN:
SF:src\data\postgres\index.ts
FNF:0
FNH:0
DA:1,2
DA:3,2
LF:2
LH:2
BRF:0
BRH:0
end_of_record
TN:
SF:src\domain\dto\auth\login-user.dto.ts
FN:4,(anonymous_0)
FN:9,(anonymous_1)
FNF:2
FNH:2
FNDA:2,(anonymous_0)
FNDA:5,(anonymous_1)
DA:1,4
DA:3,4
DA:5,2
DA:6,2
DA:10,5
DA:11,5
DA:12,4
DA:13,3
DA:14,3
DA:16,2
LF:10
LH:10
BRDA:11,0,0,1
BRDA:11,0,1,4
BRDA:12,1,0,1
BRDA:12,1,1,3
BRDA:13,2,0,0
BRDA:13,2,1,3
BRDA:14,3,0,1
BRDA:14,3,1,2
BRF:8
BRH:7
end_of_record
TN:
SF:src\domain\dto\auth\register-user.dto.ts
FN:4,(anonymous_0)
FN:9,(anonymous_1)
FNF:2
FNH:2
FNDA:2,(anonymous_0)
FNDA:5,(anonymous_1)
DA:1,4
DA:3,4
DA:5,2
DA:6,2
DA:7,2
DA:10,5
DA:11,5
DA:12,4
DA:13,3
DA:14,2
DA:15,2
DA:17,2
LF:12
LH:12
BRDA:11,0,0,1
BRDA:11,0,1,4
BRDA:12,1,0,1
BRDA:12,1,1,3
BRDA:13,2,0,1
BRDA:13,2,1,2
BRDA:14,3,0,0
BRDA:14,3,1,2
BRDA:15,4,0,0
BRDA:15,4,1,2
BRF:10
BRH:8
end_of_record
TN:
SF:src\domain\dto\chat\MessageResponse.dto.ts
FN:5,(anonymous_0)
FN:15,(anonymous_1)
FNF:2
FNH:2
FNDA:2,(anonymous_0)
FNDA:2,(anonymous_1)
DA:1,2
DA:4,2
DA:6,2
DA:7,2
DA:8,2
DA:9,2
DA:10,2
DA:11,2
DA:12,2
DA:16,2
LF:10
LH:10
BRDA:23,0,0,1
BRDA:23,0,1,1
BRF:2
BRH:2
end_of_record
TN:
SF:src\domain\dto\chat\create-conversation.dto.ts
FN:2,(anonymous_0)
FN:7,(anonymous_1)
FNF:2
FNH:2
FNDA:1,(anonymous_0)
FNDA:3,(anonymous_1)
DA:1,4
DA:3,1
DA:4,1
DA:8,3
DA:10,3
DA:11,1
DA:13,2
DA:14,0
DA:16,2
DA:17,1
DA:19,1
LF:11
LH:10
BRDA:10,0,0,1
BRDA:10,0,1,2
BRDA:10,1,0,3
BRDA:10,1,1,3
BRDA:13,2,0,0
BRDA:13,2,1,2
BRDA:13,3,0,2
BRDA:13,3,1,2
BRDA:16,4,0,1
BRDA:16,4,1,1
BRF:10
BRH:9
end_of_record
TN:
SF:src\domain\dto\chat\create-message.dto.ts
FN:2,(anonymous_0)
FN:9,(anonymous_1)
FNF:2
FNH:2
FNDA:2,(anonymous_0)
FNDA:3,(anonymous_1)
DA:1,2
DA:3,2
DA:4,2
DA:5,2
DA:6,2
DA:10,3
DA:12,3
DA:13,0
DA:15,3
DA:16,0
DA:18,3
DA:19,3
DA:21,3
DA:22,1
DA:24,2
LF:15
LH:13
BRDA:12,0,0,0
BRDA:12,0,1,3
BRDA:12,1,0,3
BRDA:12,1,1,3
BRDA:15,2,0,0
BRDA:15,2,1,3
BRDA:15,3,0,3
BRDA:15,3,1,3
BRDA:18,4,0,3
BRDA:18,4,1,1
BRDA:19,5,0,3
BRDA:19,5,1,1
BRDA:21,6,0,1
BRDA:21,6,1,2
BRDA:21,7,0,3
BRDA:21,7,1,2
BRDA:29,8,0,1
BRDA:29,8,1,1
BRDA:30,9,0,1
BRDA:30,9,1,1
BRF:20
BRH:18
end_of_record
TN:
SF:src\domain\dto\comment\create-comment.dto.ts
FN:4,(anonymous_0)
FN:12,(anonymous_1)
FNF:2
FNH:2
FNDA:1,(anonymous_0)
FNDA:4,(anonymous_1)
DA:1,4
DA:3,4
DA:5,1
DA:6,1
DA:7,1
DA:8,1
DA:9,1
DA:13,4
DA:14,4
DA:15,3
DA:16,2
DA:17,1
DA:18,1
DA:20,1
LF:14
LH:14
BRDA:14,0,0,1
BRDA:14,0,1,3
BRDA:14,1,0,4
BRDA:14,1,1,3
BRDA:15,2,0,1
BRDA:15,2,1,2
BRDA:15,3,0,3
BRDA:15,3,1,3
BRDA:16,4,0,1
BRDA:16,4,1,1
BRDA:16,5,0,2
BRDA:16,5,1,2
BRDA:17,6,0,0
BRDA:17,6,1,1
BRDA:18,7,0,0
BRDA:18,7,1,1
BRF:16
BRH:14
end_of_record
TN:
SF:src\domain\dto\post\create-post.dto.ts
FN:4,(anonymous_0)
FN:13,(anonymous_1)
FNF:2
FNH:2
FNDA:1,(anonymous_0)
FNDA:3,(anonymous_1)
DA:1,4
DA:3,4
DA:5,1
DA:6,1
DA:7,1
DA:8,1
DA:9,1
DA:10,1
DA:14,3
DA:15,3
DA:16,3
DA:17,2
DA:18,2
DA:19,1
DA:22,1
LF:15
LH:15
BRDA:15,0,0,0
BRDA:15,0,1,3
BRDA:15,1,0,3
BRDA:15,1,1,3
BRDA:16,2,0,1
BRDA:16,2,1,2
BRDA:16,3,0,3
BRDA:16,3,1,3
BRDA:17,4,0,0
BRDA:17,4,1,2
BRDA:17,5,0,2
BRDA:17,5,1,2
BRDA:18,6,0,1
BRDA:18,6,1,1
BRDA:18,7,0,2
BRDA:18,7,1,2
BRDA:19,8,0,0
BRDA:19,8,1,1
BRF:18
BRH:15
end_of_record
TN:
SF:src\domain\dto\whiteboard\create-whiteboard.dto.ts
FN:2,(anonymous_0)
FN:9,(anonymous_1)
FNF:2
FNH:2
FNDA:1,(anonymous_0)
FNDA:4,(anonymous_1)
DA:1,4
DA:3,1
DA:4,1
DA:5,1
DA:6,1
DA:10,4
DA:12,4
DA:13,1
DA:15,3
DA:16,0
DA:18,3
DA:19,1
DA:21,2
DA:22,1
DA:24,1
LF:15
LH:14
BRDA:12,0,0,1
BRDA:12,0,1,3
BRDA:12,1,0,4
BRDA:12,1,1,4
BRDA:15,2,0,0
BRDA:15,2,1,3
BRDA:15,3,0,3
BRDA:15,3,1,3
BRDA:18,4,0,1
BRDA:18,4,1,2
BRDA:18,5,0,3
BRDA:18,5,1,2
BRDA:21,6,0,1
BRDA:21,6,1,1
BRDA:21,7,0,2
BRDA:21,7,1,2
BRF:16
BRH:15
end_of_record
TN:
SF:src\domain\dto\whiteboard\update-whiteboard.dto.ts
FN:2,(anonymous_0)
FN:8,(anonymous_1)
FNF:2
FNH:2
FNDA:1,(anonymous_0)
FNDA:3,(anonymous_1)
DA:1,4
DA:3,1
DA:4,1
DA:5,1
DA:9,3
DA:11,3
DA:15,1
DA:18,2
DA:19,0
DA:22,2
DA:23,1
DA:25,1
LF:12
LH:11
BRDA:11,0,0,1
BRDA:11,0,1,2
BRDA:12,1,0,3
BRDA:12,1,1,2
BRDA:12,1,2,2
BRDA:12,1,3,0
BRDA:18,2,0,0
BRDA:18,2,1,2
BRDA:18,3,0,2
BRDA:18,3,1,0
BRDA:22,4,0,1
BRDA:22,4,1,1
BRDA:22,5,0,2
BRDA:22,5,1,1
BRDA:22,5,2,1
BRF:15
BRH:12
end_of_record
TN:
SF:src\domain\entities\comment.entity.ts
FN:5,(anonymous_0)
FN:17,(anonymous_1)
FNF:2
FNH:2
FNDA:2,(anonymous_0)
FNDA:4,(anonymous_1)
DA:1,5
DA:2,5
DA:4,5
DA:6,2
DA:7,2
DA:8,2
DA:9,2
DA:10,2
DA:11,2
DA:12,2
DA:13,2
DA:14,2
DA:18,4
DA:20,4
DA:21,3
DA:22,2
DA:23,2
DA:24,2
DA:25,2
DA:26,2
DA:27,1
DA:30,2
LF:22
LH:22
BRDA:18,0,0,3
BRDA:18,1,0,3
BRDA:20,2,0,1
BRDA:20,2,1,3
BRDA:21,3,0,1
BRDA:21,3,1,2
BRDA:22,4,0,0
BRDA:22,4,1,2
BRDA:23,5,0,0
BRDA:23,5,1,2
BRDA:24,6,0,0
BRDA:24,6,1,2
BRDA:26,7,0,1
BRDA:26,7,1,1
BRDA:30,8,0,2
BRDA:30,8,1,1
BRF:16
BRH:13
end_of_record
TN:
SF:src\domain\entities\conversation.entity.ts
FN:4,(anonymous_0)
FN:11,(anonymous_1)
FNF:2
FNH:2
FNDA:1,(anonymous_0)
FNDA:3,(anonymous_1)
DA:1,1
DA:3,1
DA:5,1
DA:6,1
DA:7,1
DA:8,1
DA:12,3
DA:14,3
DA:15,2
DA:16,1
DA:18,1
LF:11
LH:11
BRDA:14,0,0,1
BRDA:14,0,1,2
BRDA:15,1,0,1
BRDA:15,1,1,1
BRDA:16,2,0,0
BRDA:16,2,1,1
BRF:6
BRH:5
end_of_record
TN:
SF:src\domain\entities\follows.entity.ts
FN:4,(anonymous_0)
FN:10,(anonymous_1)
FNF:2
FNH:2
FNDA:1,(anonymous_0)
FNDA:3,(anonymous_1)
DA:1,1
DA:3,1
DA:5,1
DA:6,1
DA:7,1
DA:11,3
DA:13,3
DA:14,2
DA:15,1
DA:17,1
LF:10
LH:10
BRDA:13,0,0,1
BRDA:13,0,1,2
BRDA:14,1,0,1
BRDA:14,1,1,1
BRDA:15,2,0,0
BRDA:15,2,1,1
BRF:6
BRH:5
end_of_record
TN:
SF:src\domain\entities\message.entity.ts
FN:5,(anonymous_0)
FN:16,(anonymous_1)
FNF:2
FNH:2
FNDA:1,(anonymous_0)
FNDA:3,(anonymous_1)
DA:1,1
DA:2,1
DA:4,1
DA:6,1
DA:7,1
DA:8,1
DA:9,1
DA:10,1
DA:11,1
DA:12,1
DA:13,1
DA:21,3
DA:23,3
DA:24,2
DA:25,1
DA:26,1
DA:28,1
DA:30,1
DA:31,1
DA:34,1
LF:20
LH:20
BRDA:23,0,0,1
BRDA:23,0,1,2
BRDA:24,1,0,1
BRDA:24,1,1,1
BRDA:25,2,0,0
BRDA:25,2,1,1
BRDA:26,3,0,0
BRDA:26,3,1,1
BRDA:30,4,0,1
BRDA:30,4,1,0
BRDA:30,5,0,1
BRDA:30,5,1,1
BRDA:36,6,0,1
BRDA:36,6,1,0
BRDA:41,7,0,1
BRDA:41,7,1,0
BRF:16
BRH:11
end_of_record
TN:
SF:src\domain\entities\post.entity.ts
FN:6,(anonymous_0)
FN:16,(anonymous_1)
FNF:2
FNH:2
FNDA:4,(anonymous_0)
FNDA:5,(anonymous_1)
DA:1,7
DA:3,7
DA:5,7
DA:7,4
DA:8,4
DA:9,4
DA:10,4
DA:11,4
DA:12,4
DA:13,4
DA:17,5
DA:19,5
DA:20,5
DA:21,5
DA:22,5
DA:23,4
DA:25,4
DA:26,4
DA:27,1
DA:29,4
LF:20
LH:20
BRDA:19,0,0,0
BRDA:19,0,1,5
BRDA:20,1,0,0
BRDA:20,1,1,5
BRDA:21,2,0,0
BRDA:21,2,1,5
BRDA:22,3,0,1
BRDA:22,3,1,4
BRDA:23,4,0,0
BRDA:23,4,1,4
BRDA:26,5,0,1
BRDA:26,5,1,3
BRF:12
BRH:8
end_of_record
TN:
SF:src\domain\entities\user.entitys.ts
FN:4,(anonymous_0)
FN:15,(anonymous_1)
FNF:2
FNH:2
FNDA:6,(anonymous_0)
FNDA:9,(anonymous_1)
DA:1,8
DA:3,8
DA:5,6
DA:6,6
DA:7,6
DA:8,6
DA:9,6
DA:10,6
DA:11,6
DA:12,6
DA:16,9
DA:18,9
DA:19,8
DA:20,7
DA:21,6
DA:23,5
LF:16
LH:16
BRDA:18,0,0,1
BRDA:18,0,1,8
BRDA:19,1,0,1
BRDA:19,1,1,7
BRDA:20,2,0,1
BRDA:20,2,1,6
BRDA:21,3,0,1
BRDA:21,3,1,5
BRF:8
BRH:8
end_of_record
TN:
SF:src\domain\entities\whiteboard.entity.ts
FN:4,(anonymous_0)
FN:13,(anonymous_1)
FNF:2
FNH:2
FNDA:4,(anonymous_0)
FNDA:7,(anonymous_1)
DA:1,5
DA:3,5
DA:5,4
DA:6,4
DA:7,4
DA:8,4
DA:9,4
DA:10,4
DA:11,4
DA:22,7
DA:24,7
DA:25,6
DA:26,5
DA:27,4
DA:29,3
LF:15
LH:15
BRDA:24,0,0,1
BRDA:24,0,1,6
BRDA:25,1,0,1
BRDA:25,1,1,5
BRDA:26,2,0,1
BRDA:26,2,1,4
BRDA:27,3,0,1
BRDA:27,3,1,3
BRF:8
BRH:8
end_of_record
TN:
SF:src\domain\errors\custom.error.ts
FN:3,(anonymous_0)
FN:10,(anonymous_1)
FN:13,(anonymous_2)
FN:16,(anonymous_3)
FN:19,(anonymous_4)
FN:22,(anonymous_5)
FNF:6
FNH:3
FNDA:19,(anonymous_0)
FNDA:17,(anonymous_1)
FNDA:0,(anonymous_2)
FNDA:0,(anonymous_3)
FNDA:1,(anonymous_4)
FNDA:0,(anonymous_5)
DA:1,37
DA:4,19
DA:5,19
DA:7,19
DA:11,17
DA:14,0
DA:17,0
DA:20,1
DA:23,0
LF:9
LH:6
BRF:0
BRH:0
end_of_record
TN:
SF:src\presentation\auth\controller.ts
FN:9,(anonymous_0)
FN:13,(anonymous_1)
FN:21,(anonymous_2)
FN:27,(anonymous_3)
FN:28,(anonymous_4)
FN:31,(anonymous_5)
FN:36,(anonymous_6)
FN:37,(anonymous_7)
FN:40,(anonymous_8)
FN:44,(anonymous_9)
FN:45,(anonymous_10)
FN:48,(anonymous_11)
FN:53,(anonymous_12)
FN:54,(anonymous_13)
FNF:14
FNH:8
FNDA:3,(anonymous_0)
FNDA:0,(anonymous_1)
FNDA:1,(anonymous_2)
FNDA:1,(anonymous_3)
FNDA:0,(anonymous_4)
FNDA:1,(anonymous_5)
FNDA:1,(anonymous_6)
FNDA:0,(anonymous_7)
FNDA:1,(anonymous_8)
FNDA:1,(anonymous_9)
FNDA:0,(anonymous_10)
FNDA:1,(anonymous_11)
FNDA:0,(anonymous_12)
FNDA:0,(anonymous_13)
DA:3,3
DA:4,3
DA:5,3
DA:8,3
DA:10,3
DA:13,3
DA:14,0
DA:15,0
DA:17,0
DA:18,0
DA:21,3
DA:22,1
DA:23,1
DA:24,1
DA:26,1
DA:27,1
DA:28,0
DA:31,3
DA:32,1
DA:33,1
DA:35,1
DA:36,1
DA:37,0
DA:40,3
DA:41,1
DA:42,1
DA:43,1
DA:44,1
DA:45,0
DA:48,3
DA:49,1
DA:50,1
DA:52,0
DA:53,0
DA:54,0
LF:35
LH:25
BRDA:14,0,0,0
BRDA:14,0,1,0
BRDA:18,1,0,0
BRDA:18,1,1,0
BRDA:22,2,0,0
BRDA:22,2,1,1
BRDA:24,3,0,0
BRDA:24,3,1,1
BRDA:33,4,0,0
BRDA:33,4,1,1
BRDA:42,5,0,1
BRDA:42,5,1,0
BRDA:50,6,0,1
BRDA:50,6,1,0
BRF:14
BRH:5
end_of_record
TN:
SF:src\presentation\auth\routes.ts
FN:11,(anonymous_0)
FN:25,(anonymous_1)
FN:26,(anonymous_2)
FN:27,(anonymous_3)
FNF:4
FNH:1
FNDA:2,(anonymous_0)
FNDA:0,(anonymous_1)
FNDA:0,(anonymous_2)
FNDA:0,(anonymous_3)
DA:1,2
DA:2,2
DA:3,2
DA:4,2
DA:5,2
DA:8,2
DA:13,2
DA:15,2
DA:22,2
DA:23,2
DA:25,2
DA:26,2
DA:27,2
DA:28,2
DA:31,2
LF:15
LH:15
BRF:0
BRH:0
end_of_record
TN:
SF:src\presentation\chat\controller.ts
FN:7,(anonymous_0)
FN:9,(anonymous_1)
FN:19,(anonymous_2)
FN:23,(anonymous_3)
FN:24,(anonymous_4)
FN:27,(anonymous_5)
FN:36,(anonymous_6)
FN:37,(anonymous_7)
FN:40,(anonymous_8)
FN:44,(anonymous_9)
FN:45,(anonymous_10)
FN:48,(anonymous_11)
FN:51,(anonymous_12)
FN:52,(anonymous_13)
FNF:14
FNH:5
FNDA:3,(anonymous_0)
FNDA:1,(anonymous_1)
FNDA:1,(anonymous_2)
FNDA:1,(anonymous_3)
FNDA:0,(anonymous_4)
FNDA:1,(anonymous_5)
FNDA:0,(anonymous_6)
FNDA:0,(anonymous_7)
FNDA:0,(anonymous_8)
FNDA:0,(anonymous_9)
FNDA:0,(anonymous_10)
FNDA:0,(anonymous_11)
FNDA:0,(anonymous_12)
FNDA:0,(anonymous_13)
DA:2,3
DA:4,3
DA:6,3
DA:7,3
DA:9,3
DA:10,1
DA:11,0
DA:13,1
DA:14,1
DA:19,3
DA:20,1
DA:21,1
DA:22,1
DA:23,1
DA:24,0
DA:27,3
DA:28,1
DA:29,1
DA:30,1
DA:31,1
DA:33,0
DA:34,0
DA:35,0
DA:36,0
DA:37,0
DA:40,3
DA:41,0
DA:42,0
DA:43,0
DA:44,0
DA:45,0
DA:48,3
DA:49,0
DA:50,0
DA:51,0
DA:52,0
LF:36
LH:20
BRDA:10,0,0,0
BRDA:10,0,1,1
BRDA:15,1,0,1
BRDA:15,1,1,0
BRDA:20,2,0,0
BRDA:20,2,1,1
BRDA:28,3,0,0
BRDA:28,3,1,1
BRDA:31,4,0,1
BRDA:31,4,1,0
BRDA:31,5,0,1
BRDA:31,5,1,1
BRDA:34,6,0,0
BRDA:34,6,1,0
BRDA:41,7,0,0
BRDA:41,7,1,0
BRF:16
BRH:7
end_of_record
TN:
SF:src\presentation\chat\router.ts
FN:13,(anonymous_0)
FNF:1
FNH:1
FNDA:2,(anonymous_0)
DA:1,2
DA:2,2
DA:4,2
DA:5,2
DA:10,2
DA:14,2
DA:15,2
DA:16,2
DA:18,2
DA:19,2
DA:20,2
DA:21,2
DA:22,2
LF:13
LH:13
BRF:0
BRH:0
end_of_record
TN:
SF:src\presentation\interaction\controller.ts
FN:6,(anonymous_0)
FN:8,(anonymous_1)
FN:18,(anonymous_2)
FN:25,(anonymous_3)
FN:26,(anonymous_4)
FN:28,(anonymous_5)
FN:35,(anonymous_6)
FN:36,(anonymous_7)
FN:38,(anonymous_8)
FN:45,(anonymous_9)
FN:46,(anonymous_10)
FN:48,(anonymous_11)
FN:55,(anonymous_12)
FN:56,(anonymous_13)
FN:59,(anonymous_14)
FN:68,(anonymous_15)
FN:69,(anonymous_16)
FNF:17
FNH:5
FNDA:3,(anonymous_0)
FNDA:1,(anonymous_1)
FNDA:1,(anonymous_2)
FNDA:0,(anonymous_3)
FNDA:0,(anonymous_4)
FNDA:0,(anonymous_5)
FNDA:0,(anonymous_6)
FNDA:0,(anonymous_7)
FNDA:0,(anonymous_8)
FNDA:0,(anonymous_9)
FNDA:0,(anonymous_10)
FNDA:0,(anonymous_11)
FNDA:0,(anonymous_12)
FNDA:0,(anonymous_13)
FNDA:1,(anonymous_14)
FNDA:1,(anonymous_15)
FNDA:0,(anonymous_16)
DA:3,3
DA:5,3
DA:6,3
DA:8,3
DA:9,1
DA:10,0
DA:12,1
DA:13,1
DA:18,3
DA:19,1
DA:20,1
DA:21,1
DA:22,1
DA:23,1
DA:24,0
DA:25,0
DA:26,0
DA:28,3
DA:29,0
DA:30,0
DA:31,0
DA:32,0
DA:33,0
DA:34,0
DA:35,0
DA:36,0
DA:38,3
DA:39,0
DA:40,0
DA:41,0
DA:42,0
DA:43,0
DA:44,0
DA:45,0
DA:46,0
DA:48,3
DA:49,0
DA:50,0
DA:51,0
DA:52,0
DA:53,0
DA:54,0
DA:55,0
DA:56,0
DA:59,3
DA:60,1
DA:61,1
DA:63,1
DA:64,1
DA:65,0
DA:67,1
DA:68,1
DA:69,0
LF:53
LH:23
BRDA:9,0,0,0
BRDA:9,0,1,1
BRDA:14,1,0,1
BRDA:14,1,1,0
BRDA:21,2,0,0
BRDA:21,2,1,1
BRDA:22,3,0,1
BRDA:22,3,1,0
BRDA:31,4,0,0
BRDA:31,4,1,0
BRDA:32,5,0,0
BRDA:32,5,1,0
BRDA:41,6,0,0
BRDA:41,6,1,0
BRDA:42,7,0,0
BRDA:42,7,1,0
BRDA:51,8,0,0
BRDA:51,8,1,0
BRDA:52,9,0,0
BRDA:52,9,1,0
BRDA:63,10,0,0
BRDA:63,10,1,1
BRDA:64,11,0,0
BRDA:64,11,1,1
BRF:24
BRH:6
end_of_record
TN:
SF:src\presentation\interaction\routes.ts
FN:12,(anonymous_0)
FNF:1
FNH:1
FNDA:2,(anonymous_0)
DA:1,2
DA:2,2
DA:3,2
DA:4,2
DA:9,2
DA:14,2
DA:15,2
DA:16,2
DA:18,2
DA:19,2
DA:20,2
DA:21,2
DA:22,2
DA:23,2
LF:14
LH:14
BRF:0
BRH:0
end_of_record
TN:
SF:src\presentation\middlewares\auth.middleware.ts
FN:8,(anonymous_0)
FNF:1
FNH:1
FNDA:2,(anonymous_0)
DA:2,3
DA:3,3
DA:4,3
DA:7,3
DA:9,2
DA:10,2
DA:11,1
DA:13,1
DA:15,1
DA:16,1
DA:17,1
DA:19,1
DA:20,1
DA:22,1
DA:23,1
DA:26,0
DA:27,0
LF:17
LH:15
BRDA:10,0,0,1
BRDA:10,0,1,1
BRDA:11,1,0,0
BRDA:11,1,1,1
BRDA:13,2,0,1
BRDA:13,2,1,0
BRDA:17,3,0,0
BRDA:17,3,1,1
BRDA:20,4,0,0
BRDA:20,4,1,1
BRF:10
BRH:6
end_of_record
TN:
SF:src\presentation\middlewares\file-upload.middleware.ts
FN:5,(anonymous_0)
FN:18,(anonymous_1)
FNF:2
FNH:2
FNDA:2,(anonymous_0)
FNDA:1,(anonymous_1)
DA:4,4
DA:6,2
DA:7,1
DA:10,1
DA:11,1
DA:13,0
DA:16,1
DA:19,1
DA:20,1
DA:23,0
DA:24,0
DA:26,0
DA:29,0
LF:13
LH:8
BRDA:6,0,0,1
BRDA:6,0,1,1
BRDA:6,1,0,2
BRDA:6,1,1,1
BRDA:10,2,0,1
BRDA:10,2,1,0
BRDA:19,3,0,1
BRDA:19,3,1,0
BRDA:19,4,0,1
BRDA:19,4,1,0
BRDA:23,5,0,0
BRDA:23,5,1,0
BRF:12
BRH:7
end_of_record
TN:
SF:src\presentation\post\controller.ts
FN:10,(anonymous_0)
FN:12,(anonymous_1)
FN:22,(anonymous_2)
FN:51,(anonymous_3)
FN:52,(anonymous_4)
FN:58,(anonymous_5)
FN:81,(anonymous_6)
FN:88,(anonymous_7)
FN:89,(anonymous_8)
FN:92,(anonymous_9)
FN:118,(anonymous_10)
FN:119,(anonymous_11)
FN:125,(anonymous_12)
FN:132,(anonymous_13)
FN:136,(anonymous_14)
FNF:15
FNH:4
FNDA:3,(anonymous_0)
FNDA:0,(anonymous_1)
FNDA:0,(anonymous_2)
FNDA:0,(anonymous_3)
FNDA:0,(anonymous_4)
FNDA:1,(anonymous_5)
FNDA:0,(anonymous_6)
FNDA:0,(anonymous_7)
FNDA:0,(anonymous_8)
FNDA:0,(anonymous_9)
FNDA:0,(anonymous_10)
FNDA:0,(anonymous_11)
FNDA:1,(anonymous_12)
FNDA:1,(anonymous_13)
FNDA:0,(anonymous_14)
DA:2,3
DA:5,3
DA:7,3
DA:9,3
DA:10,3
DA:12,3
DA:13,0
DA:14,0
DA:16,0
DA:17,0
DA:22,3
DA:23,0
DA:24,0
DA:25,0
DA:26,0
DA:29,0
DA:30,0
DA:31,0
DA:33,0
DA:34,0
DA:37,0
DA:39,0
DA:48,0
DA:49,0
DA:51,0
DA:52,0
DA:54,0
DA:58,3
DA:59,1
DA:60,1
DA:63,1
DA:67,1
DA:69,1
DA:77,0
DA:81,3
DA:82,0
DA:83,0
DA:84,0
DA:85,0
DA:86,0
DA:88,0
DA:89,0
DA:92,3
DA:93,0
DA:95,0
DA:96,0
DA:97,0
DA:98,0
DA:99,0
DA:101,0
DA:102,0
DA:104,0
DA:105,0
DA:107,0
DA:114,0
DA:116,0
DA:118,0
DA:119,0
DA:121,0
DA:125,3
DA:126,1
DA:127,1
DA:128,1
DA:130,1
DA:133,1
DA:134,1
DA:136,0
LF:67
LH:22
BRDA:13,0,0,0
BRDA:13,0,1,0
BRDA:18,1,0,0
BRDA:18,1,1,0
BRDA:25,2,0,0
BRDA:25,2,1,0
BRDA:37,3,0,0
BRDA:37,3,1,0
BRDA:37,4,0,0
BRDA:37,4,1,0
BRDA:48,5,0,0
BRDA:48,5,1,0
BRDA:61,6,0,0
BRDA:61,6,1,1
BRDA:64,7,0,0
BRDA:64,7,1,1
BRDA:84,8,0,0
BRDA:84,8,1,0
BRDA:84,9,0,0
BRDA:84,9,1,0
BRDA:95,10,0,0
BRDA:95,10,1,0
BRDA:99,11,0,0
BRDA:99,11,1,0
BRDA:99,12,0,0
BRDA:99,12,1,0
BRDA:108,13,0,0
BRDA:108,13,1,0
BRDA:114,14,0,0
BRDA:114,14,1,0
BRDA:127,15,0,0
BRDA:127,15,1,1
BRDA:128,16,0,0
BRDA:128,16,1,1
BRF:34
BRH:4
end_of_record
TN:
SF:src\presentation\post\routes.ts
FN:15,(anonymous_0)
FNF:1
FNH:1
FNDA:2,(anonymous_0)
DA:1,2
DA:4,2
DA:5,2
DA:6,2
DA:7,2
DA:12,2
DA:17,2
DA:18,2
DA:19,2
DA:21,2
DA:22,2
DA:23,2
DA:24,2
DA:25,2
DA:26,2
LF:15
LH:15
BRF:0
BRH:0
end_of_record
TN:
SF:src\presentation\profile\controller.ts
FN:6,(anonymous_0)
FN:8,(anonymous_1)
FN:18,(anonymous_2)
FN:41,(anonymous_3)
FN:64,(anonymous_4)
FN:88,(anonymous_5)
FN:94,(anonymous_6)
FN:95,(anonymous_7)
FNF:8
FNH:4
FNDA:3,(anonymous_0)
FNDA:1,(anonymous_1)
FNDA:1,(anonymous_2)
FNDA:0,(anonymous_3)
FNDA:0,(anonymous_4)
FNDA:1,(anonymous_5)
FNDA:0,(anonymous_6)
FNDA:0,(anonymous_7)
DA:2,3
DA:5,3
DA:6,3
DA:8,3
DA:9,1
DA:10,0
DA:12,1
DA:13,1
DA:18,3
DA:19,1
DA:20,1
DA:21,1
DA:24,1
DA:28,1
DA:30,1
DA:38,0
DA:41,3
DA:42,0
DA:43,0
DA:44,0
DA:47,0
DA:51,0
DA:53,0
DA:61,0
DA:64,3
DA:65,0
DA:66,0
DA:67,0
DA:70,0
DA:74,0
DA:76,0
DA:84,0
DA:88,3
DA:89,1
DA:90,1
DA:91,1
DA:92,1
DA:93,0
DA:94,0
DA:95,0
DA:97,0
LF:41
LH:21
BRDA:9,0,0,0
BRDA:9,0,1,1
BRDA:14,1,0,1
BRDA:14,1,1,0
BRDA:22,2,0,0
BRDA:22,2,1,1
BRDA:25,3,0,0
BRDA:25,3,1,1
BRDA:45,4,0,0
BRDA:45,4,1,0
BRDA:48,5,0,0
BRDA:48,5,1,0
BRDA:68,6,0,0
BRDA:68,6,1,0
BRDA:71,7,0,0
BRDA:71,7,1,0
BRDA:91,8,0,0
BRDA:91,8,1,1
BRDA:92,9,0,1
BRDA:92,9,1,0
BRF:20
BRH:6
end_of_record
TN:
SF:src\presentation\profile\routes.ts
FN:9,(anonymous_0)
FNF:1
FNH:1
FNDA:2,(anonymous_0)
DA:1,2
DA:2,2
DA:3,2
DA:4,2
DA:6,2
DA:11,2
DA:12,2
DA:13,2
DA:15,2
DA:16,2
DA:17,2
DA:18,2
DA:19,2
LF:13
LH:13
BRF:0
BRH:0
end_of_record
TN:
SF:src\presentation\services\auth.service.ts
FN:12,(anonymous_0)
FN:17,(anonymous_1)
FN:41,(anonymous_2)
FN:63,(anonymous_3)
FN:84,(anonymous_4)
FN:107,(anonymous_5)
FNF:6
FNH:4
FNDA:3,(anonymous_0)
FNDA:1,(anonymous_1)
FNDA:1,(anonymous_2)
FNDA:1,(anonymous_3)
FNDA:0,(anonymous_4)
FNDA:0,(anonymous_5)
DA:1,3
DA:2,3
DA:3,3
DA:4,3
DA:5,3
DA:9,3
DA:11,3
DA:14,3
DA:18,1
DA:19,1
DA:20,1
DA:21,1
DA:27,1
DA:28,1
DA:29,1
DA:30,1
DA:32,1
DA:33,1
DA:34,1
DA:37,0
DA:43,1
DA:44,1
DA:46,1
DA:47,1
DA:49,1
DA:52,1
DA:53,1
DA:54,1
DA:55,1
DA:56,1
DA:63,3
DA:64,1
DA:65,1
DA:66,1
DA:68,1
DA:73,1
DA:79,1
DA:80,1
DA:81,1
DA:84,3
DA:85,0
DA:86,0
DA:88,0
DA:90,0
DA:92,0
DA:93,0
DA:95,0
DA:104,0
DA:107,3
DA:108,0
DA:109,0
DA:111,0
DA:112,0
DA:114,0
DA:115,0
DA:117,0
LF:56
LH:40
BRDA:19,0,0,0
BRDA:19,0,1,1
BRDA:28,1,0,0
BRDA:28,1,1,1
BRDA:30,2,0,0
BRDA:30,2,1,1
BRDA:44,3,0,0
BRDA:44,3,1,1
BRDA:47,4,0,0
BRDA:47,4,1,1
BRDA:53,5,0,0
BRDA:53,5,1,1
BRDA:55,6,0,0
BRDA:55,6,1,1
BRDA:65,7,0,0
BRDA:65,7,1,1
BRDA:80,8,0,0
BRDA:80,8,1,1
BRDA:86,9,0,0
BRDA:86,9,1,0
BRDA:90,10,0,0
BRDA:90,10,1,0
BRDA:93,11,0,0
BRDA:93,11,1,0
BRDA:109,12,0,0
BRDA:109,12,1,0
BRDA:112,13,0,0
BRDA:112,13,1,0
BRDA:115,14,0,0
BRDA:115,14,1,0
BRF:30
BRH:9
end_of_record
TN:
SF:src\presentation\services\chat.service.ts
FN:7,(anonymous_0)
FN:27,(anonymous_1)
FN:68,(anonymous_2)
FN:81,(anonymous_3)
FN:100,(anonymous_4)
FN:128,(anonymous_5)
FN:139,(anonymous_6)
FN:145,(anonymous_7)
FNF:8
FNH:2
FNDA:2,(anonymous_0)
FNDA:0,(anonymous_1)
FNDA:0,(anonymous_2)
FNDA:1,(anonymous_3)
FNDA:0,(anonymous_4)
FNDA:0,(anonymous_5)
FNDA:0,(anonymous_6)
FNDA:0,(anonymous_7)
DA:1,4
DA:4,4
DA:6,4
DA:8,2
DA:16,2
DA:17,1
DA:24,2
DA:28,0
DA:68,0
DA:69,0
DA:70,0
DA:71,0
DA:78,0
DA:82,1
DA:85,1
DA:86,1
DA:88,0
DA:97,0
DA:101,0
DA:125,0
DA:129,0
DA:136,0
DA:140,0
DA:146,0
DA:155,0
LF:25
LH:10
BRDA:16,0,0,1
BRDA:16,0,1,1
BRDA:70,1,0,0
BRDA:70,1,1,0
BRDA:74,2,0,0
BRDA:74,2,1,0
BRDA:85,3,0,1
BRDA:85,3,1,0
BRDA:92,4,0,0
BRDA:92,4,1,0
BRDA:93,5,0,0
BRDA:93,5,1,0
BRDA:128,6,0,0
BRDA:128,7,0,0
BRF:14
BRH:3
end_of_record
TN:
SF:src\presentation\services\email.service.ts
FN:20,(anonymous_1)
FN:36,(anonymous_2)
FNF:2
FNH:2
FNDA:3,(anonymous_1)
FNDA:2,(anonymous_2)
DA:1,3
DA:16,3
DA:24,3
DA:26,3
DA:38,2
DA:41,2
DA:42,2
DA:43,1
DA:52,1
DA:54,0
LF:10
LH:9
BRDA:38,0,0,2
BRDA:42,1,0,1
BRDA:42,1,1,1
BRF:3
BRH:3
end_of_record
TN:
SF:src\presentation\services\interaction.service.ts
FN:5,(anonymous_0)
FN:39,(anonymous_1)
FN:73,(anonymous_2)
FN:108,(anonymous_3)
FN:143,(anonymous_4)
FNF:5
FNH:1
FNDA:2,(anonymous_0)
FNDA:0,(anonymous_1)
FNDA:0,(anonymous_2)
FNDA:0,(anonymous_3)
FNDA:0,(anonymous_4)
DA:1,3
DA:2,3
DA:4,3
DA:5,3
DA:6,2
DA:14,2
DA:15,1
DA:22,1
DA:26,1
DA:34,1
DA:39,3
DA:40,0
DA:48,0
DA:49,0
DA:56,0
DA:60,0
DA:68,0
DA:73,3
DA:74,0
DA:82,0
DA:83,0
DA:90,0
DA:94,0
DA:102,0
DA:108,3
DA:109,0
DA:117,0
DA:118,0
DA:125,0
DA:129,0
DA:137,0
DA:143,3
DA:144,0
DA:150,0
DA:151,0
DA:155,0
DA:156,0
DA:164,0
DA:165,0
DA:171,0
DA:175,0
DA:183,0
DA:188,0
LF:43
LH:14
BRDA:14,0,0,1
BRDA:14,0,1,1
BRDA:48,1,0,0
BRDA:48,1,1,0
BRDA:82,2,0,0
BRDA:82,2,1,0
BRDA:117,3,0,0
BRDA:117,3,1,0
BRDA:150,4,0,0
BRDA:150,4,1,0
BRDA:164,5,0,0
BRDA:164,5,1,0
BRF:12
BRH:2
end_of_record
TN:
SF:src\presentation\services\post.service.ts
FN:28,(anonymous_0)
FN:46,(anonymous_1)
FN:58,(anonymous_2)
FN:65,(anonymous_3)
FN:139,(anonymous_4)
FN:152,(anonymous_5)
FN:172,(anonymous_6)
FNF:7
FNH:3
FNDA:1,(anonymous_0)
FNDA:0,(anonymous_1)
FNDA:0,(anonymous_2)
FNDA:1,(anonymous_3)
FNDA:0,(anonymous_4)
FNDA:1,(anonymous_5)
FNDA:0,(anonymous_6)
DA:1,4
DA:4,4
DA:5,4
DA:7,4
DA:26,4
DA:28,4
DA:29,1
DA:30,1
DA:39,1
DA:40,1
DA:42,0
DA:46,4
DA:48,0
DA:49,0
DA:58,0
DA:59,0
DA:62,0
DA:65,4
DA:66,1
DA:136,1
DA:139,0
DA:140,0
DA:142,0
DA:149,0
DA:152,4
DA:153,1
DA:169,1
DA:172,4
DA:173,0
DA:174,0
DA:183,0
DA:185,0
DA:187,0
LF:33
LH:18
BRDA:136,0,0,1
BRDA:136,0,1,0
BRDA:158,1,0,0
BRDA:158,1,1,1
BRDA:159,2,0,0
BRDA:159,2,1,1
BRDA:183,3,0,0
BRDA:183,3,1,0
BRF:8
BRH:3
end_of_record
TN:
SF:src\presentation\services\profile.service.ts
FN:7,(anonymous_0)
FN:9,(anonymous_1)
FN:25,(anonymous_2)
FN:43,(anonymous_3)
FN:61,(anonymous_4)
FN:68,(anonymous_5)
FN:98,(anonymous_6)
FN:105,(anonymous_7)
FN:135,(anonymous_8)
FN:142,(anonymous_9)
FN:173,(anonymous_10)
FNF:11
FNH:5
FNDA:3,(anonymous_0)
FNDA:0,(anonymous_1)
FNDA:0,(anonymous_2)
FNDA:1,(anonymous_3)
FNDA:2,(anonymous_4)
FNDA:0,(anonymous_5)
FNDA:0,(anonymous_6)
FNDA:0,(anonymous_7)
FNDA:0,(anonymous_8)
FNDA:1,(anonymous_9)
FNDA:2,(anonymous_10)
DA:1,3
DA:2,3
DA:3,3
DA:4,3
DA:6,3
DA:9,3
DA:10,0
DA:23,0
DA:25,3
DA:26,0
DA:40,0
DA:43,3
DA:48,1
DA:49,1
DA:61,1
DA:62,2
DA:65,1
DA:68,3
DA:73,0
DA:74,0
DA:98,0
DA:99,0
DA:102,0
DA:105,3
DA:110,0
DA:111,0
DA:135,0
DA:136,0
DA:139,0
DA:144,1
DA:170,1
DA:171,1
DA:172,1
DA:173,2
DA:178,1
DA:181,1
DA:183,1
LF:37
LH:23
BRDA:171,0,0,1
BRDA:171,0,1,0
BRDA:178,1,0,0
BRDA:178,1,1,1
BRDA:187,2,0,1
BRDA:187,2,1,0
BRF:6
BRH:3
end_of_record
TN:
SF:src\presentation\services\whiteboard.service.ts
FN:8,(anonymous_0)
FN:20,(anonymous_1)
FN:32,(anonymous_2)
FN:50,(anonymous_3)
FN:67,(anonymous_4)
FN:73,(anonymous_5)
FNF:6
FNH:4
FNDA:1,(anonymous_0)
FNDA:1,(anonymous_1)
FNDA:1,(anonymous_2)
FNDA:1,(anonymous_3)
FNDA:0,(anonymous_4)
FNDA:0,(anonymous_5)
DA:1,4
DA:4,4
DA:5,4
DA:7,4
DA:11,1
DA:12,1
DA:20,1
DA:21,1
DA:22,1
DA:24,1
DA:26,0
DA:33,1
DA:34,1
DA:42,1
DA:44,0
DA:53,1
DA:54,1
DA:62,1
DA:64,0
DA:71,0
DA:72,0
DA:73,0
DA:75,0
DA:81,0
DA:83,0
LF:25
LH:16
BRF:0
BRH:0
end_of_record
TN:
SF:src\presentation\socket\chat.socket.ts
FN:49,(anonymous_0)
FN:50,(anonymous_1)
FN:60,(anonymous_2)
FN:69,(anonymous_3)
FN:90,(anonymous_4)
FN:112,(anonymous_5)
FN:130,(anonymous_6)
FN:139,(anonymous_7)
FN:149,(anonymous_8)
FN:163,(anonymous_9)
FNF:10
FNH:1
FNDA:1,(anonymous_0)
FNDA:0,(anonymous_1)
FNDA:0,(anonymous_2)
FNDA:0,(anonymous_3)
FNDA:0,(anonymous_4)
FNDA:0,(anonymous_5)
FNDA:0,(anonymous_6)
FNDA:0,(anonymous_7)
FNDA:0,(anonymous_8)
FNDA:0,(anonymous_9)
DA:2,1
DA:3,1
DA:6,1
DA:49,1
DA:50,1
DA:51,0
DA:52,0
DA:54,0
DA:56,0
DA:59,0
DA:60,0
DA:61,0
DA:67,0
DA:70,0
DA:71,0
DA:72,0
DA:74,0
DA:76,0
DA:78,0
DA:80,0
DA:88,0
DA:94,0
DA:95,0
DA:100,0
DA:102,0
DA:110,0
DA:113,0
DA:114,0
DA:116,0
DA:122,0
DA:130,0
DA:131,0
DA:137,0
DA:140,0
DA:147,0
DA:150,0
DA:151,0
DA:153,0
DA:158,0
DA:163,0
DA:164,0
LF:41
LH:5
BRDA:52,0,0,0
BRDA:52,0,1,0
BRDA:72,1,0,0
BRDA:72,1,1,0
BRDA:76,2,0,0
BRDA:76,2,1,0
BRF:6
BRH:0
end_of_record
TN:
SF:src\presentation\socket\socket.ts
FN:12,(anonymous_0)
FN:21,(anonymous_1)
FNF:2
FNH:1
FNDA:1,(anonymous_0)
FNDA:0,(anonymous_1)
DA:3,1
DA:4,1
DA:5,1
DA:6,1
DA:7,1
DA:8,1
DA:12,1
DA:13,1
DA:21,1
DA:22,0
DA:24,0
DA:27,0
DA:29,0
DA:30,0
DA:32,0
DA:35,0
DA:37,0
DA:38,0
DA:40,0
DA:41,0
DA:46,1
DA:48,1
LF:22
LH:11
BRDA:24,0,0,0
BRDA:24,0,1,0
BRDA:27,1,0,0
BRDA:27,1,1,0
BRDA:30,2,0,0
BRDA:30,2,1,0
BRDA:35,3,0,0
BRDA:35,3,1,0
BRF:8
BRH:0
end_of_record
TN:
SF:src\presentation\whiteboard\controller.ts
FN:7,(anonymous_0)
FN:9,(anonymous_1)
FN:19,(anonymous_2)
FN:24,(anonymous_3)
FN:25,(anonymous_4)
FN:27,(anonymous_5)
FN:32,(anonymous_6)
FN:33,(anonymous_7)
FN:36,(anonymous_8)
FN:42,(anonymous_9)
FN:43,(anonymous_10)
FN:45,(anonymous_11)
FN:56,(anonymous_12)
FN:57,(anonymous_13)
FNF:14
FNH:5
FNDA:3,(anonymous_0)
FNDA:1,(anonymous_1)
FNDA:1,(anonymous_2)
FNDA:1,(anonymous_3)
FNDA:0,(anonymous_4)
FNDA:1,(anonymous_5)
FNDA:0,(anonymous_6)
FNDA:0,(anonymous_7)
FNDA:0,(anonymous_8)
FNDA:0,(anonymous_9)
FNDA:0,(anonymous_10)
FNDA:0,(anonymous_11)
FNDA:0,(anonymous_12)
FNDA:0,(anonymous_13)
DA:3,3
DA:4,3
DA:5,3
DA:6,3
DA:7,3
DA:9,3
DA:10,1
DA:11,0
DA:13,1
DA:14,1
DA:19,3
DA:20,1
DA:21,1
DA:23,1
DA:24,1
DA:25,0
DA:27,3
DA:28,1
DA:29,1
DA:31,0
DA:32,0
DA:33,0
DA:36,3
DA:37,0
DA:38,0
DA:39,0
DA:40,0
DA:41,0
DA:42,0
DA:43,0
DA:45,3
DA:46,0
DA:47,0
DA:49,0
DA:50,0
DA:52,0
DA:53,0
DA:55,0
DA:56,0
DA:57,0
LF:40
LH:19
BRDA:10,0,0,0
BRDA:10,0,1,1
BRDA:15,1,0,1
BRDA:15,1,1,0
BRDA:21,2,0,0
BRDA:21,2,1,1
BRDA:21,3,0,1
BRDA:21,3,1,1
BRDA:29,4,0,1
BRDA:29,4,1,0
BRDA:29,5,0,1
BRDA:29,5,1,1
BRDA:38,6,0,0
BRDA:38,6,1,0
BRDA:40,7,0,0
BRDA:40,7,1,0
BRDA:47,8,0,0
BRDA:47,8,1,0
BRDA:47,9,0,0
BRDA:47,9,1,0
BRDA:50,10,0,0
BRDA:50,10,1,0
BRDA:53,11,0,0
BRDA:53,11,1,0
BRF:24
BRH:8
end_of_record
TN:
SF:src\presentation\whiteboard\routes.ts
FN:7,(anonymous_0)
FNF:1
FNH:1
FNDA:2,(anonymous_0)
DA:1,2
DA:2,2
DA:3,2
DA:4,2
DA:6,2
DA:8,2
DA:9,2
DA:10,2
DA:11,2
DA:12,2
DA:13,2
DA:14,2
DA:15,2
LF:13
LH:13
BRF:0
BRH:0
end_of_record
